2025-07-04 17:29:07.601 [info] Reading sessions from keychain...
2025-07-04 17:29:07.601 [info] Getting sessions for all scopes...
2025-07-04 17:29:07.601 [info] Getting sessions for all scopes...
2025-07-04 17:29:07.601 [info] Getting sessions for all scopes...
2025-07-04 17:29:07.601 [info] Getting sessions for all scopes...
2025-07-04 17:29:07.601 [info] Getting sessions for user:email...
2025-07-04 17:29:07.601 [info] Getting sessions for all scopes...
2025-07-04 17:29:07.601 [info] Getting sessions for read:org,user:email...
2025-07-04 17:29:07.601 [info] Getting sessions for all scopes...
2025-07-04 17:29:07.601 [info] Getting sessions for all scopes...
2025-07-04 17:29:07.601 [info] Getting sessions for all scopes...
2025-07-04 17:29:07.601 [info] Getting sessions for all scopes...
2025-07-04 17:29:07.601 [info] Getting sessions for all scopes...
2025-07-04 17:29:07.601 [info] Got stored sessions!
2025-07-04 17:29:07.601 [info] Got 3 verified sessions.
2025-07-04 17:29:07.601 [info] Got 3 sessions for ...
2025-07-04 17:29:07.601 [info] Got 3 sessions for ...
2025-07-04 17:29:07.601 [info] Got 3 sessions for ...
2025-07-04 17:29:07.601 [info] Got 3 sessions for ...
2025-07-04 17:29:07.601 [info] Got 1 sessions for user:email...
2025-07-04 17:29:07.601 [info] Got 3 sessions for ...
2025-07-04 17:29:07.601 [info] Got 1 sessions for read:org,user:email...
2025-07-04 17:29:07.601 [info] Got 3 sessions for ...
2025-07-04 17:29:07.601 [info] Got 3 sessions for ...
2025-07-04 17:29:07.601 [info] Got 3 sessions for ...
2025-07-04 17:29:07.601 [info] Got 3 sessions for ...
2025-07-04 17:29:07.601 [info] Got 3 sessions for ...
2025-07-04 17:29:07.601 [info] Getting sessions for all scopes...
2025-07-04 17:29:07.601 [info] Got 3 sessions for ...
2025-07-04 17:29:07.601 [info] Getting sessions for all scopes...
2025-07-04 17:29:07.601 [info] Got 3 sessions for ...
2025-07-04 17:29:07.601 [info] Getting sessions for all scopes...
2025-07-04 17:29:07.601 [info] Got 3 sessions for ...
2025-07-04 17:29:07.601 [info] Getting sessions for all scopes...
2025-07-04 17:29:07.601 [info] Got 3 sessions for ...
2025-07-04 17:29:07.601 [info] Getting sessions for all scopes...
2025-07-04 17:29:07.601 [info] Got 3 sessions for ...
2025-07-04 17:29:07.601 [info] Getting sessions for all scopes...
2025-07-04 17:29:07.601 [info] Got 3 sessions for ...
2025-07-04 17:29:07.601 [info] Getting sessions for all scopes...
2025-07-04 17:29:07.601 [info] Got 3 sessions for ...
2025-07-04 17:29:12.799 [info] Getting sessions for read:user,repo,user:email...
2025-07-04 17:29:12.799 [info] Got 1 sessions for read:user,repo,user:email...
2025-07-04 17:29:12.799 [info] Getting sessions for all scopes...
2025-07-04 17:29:12.799 [info] Got 3 sessions for ...
2025-07-04 17:29:12.799 [info] Getting sessions for all scopes...
2025-07-04 17:29:12.799 [info] Got 3 sessions for ...
2025-07-04 17:29:12.875 [info] Getting sessions for all scopes...
2025-07-04 17:29:12.875 [info] Got 3 sessions for ...
2025-07-04 17:29:13.192 [info] Getting sessions for all scopes...
2025-07-04 17:29:13.192 [info] Got 3 sessions for ...
2025-07-04 17:29:13.192 [info] Getting sessions for read:user,repo,user:email,workflow...
2025-07-04 17:29:13.192 [info] Got 0 sessions for read:user,repo,user:email,workflow...
2025-07-04 17:29:13.420 [info] Getting sessions for read:user,repo,user:email,workflow...
2025-07-04 17:29:13.420 [info] Got 0 sessions for read:user,repo,user:email,workflow...
2025-07-04 17:29:13.675 [info] Getting sessions for read:user...
2025-07-04 17:29:13.675 [info] Got 0 sessions for read:user...
2025-07-04 17:29:13.676 [info] Getting sessions for user:email...
2025-07-04 17:29:13.676 [info] Got 1 sessions for user:email...
2025-07-04 17:29:14.199 [info] Getting sessions for read:user,repo,user:email,workflow...
2025-07-04 17:29:14.199 [info] Got 0 sessions for read:user,repo,user:email,workflow...
2025-07-04 17:29:14.371 [info] Getting sessions for read:user,repo,user:email...
2025-07-04 17:29:14.371 [info] Got 1 sessions for read:user,repo,user:email...
2025-07-04 17:29:14.371 [info] Getting sessions for user:email...
2025-07-04 17:29:14.371 [info] Got 1 sessions for user:email...
2025-07-04 17:29:14.372 [info] Getting sessions for read:user,repo,user:email,workflow...
2025-07-04 17:29:14.372 [info] Got 0 sessions for read:user,repo,user:email,workflow...
2025-07-04 17:29:14.585 [info] Getting sessions for user:email...
2025-07-04 17:29:14.585 [info] Got 1 sessions for user:email...
2025-07-04 17:29:14.656 [info] Getting sessions for user:email...
2025-07-04 17:29:14.656 [info] Got 1 sessions for user:email...
2025-07-04 17:29:14.665 [info] Getting sessions for read:user,repo,user:email...
2025-07-04 17:29:14.665 [info] Got 1 sessions for read:user,repo,user:email...
2025-07-04 17:29:14.665 [info] Getting sessions for all scopes...
2025-07-04 17:29:14.665 [info] Got 3 sessions for ...
2025-07-04 17:29:14.706 [info] Getting sessions for all scopes...
2025-07-04 17:29:14.706 [info] Got 3 sessions for ...
2025-07-04 17:29:14.788 [info] Getting sessions for read:user,repo,user:email,workflow...
2025-07-04 17:29:14.788 [info] Got 0 sessions for read:user,repo,user:email,workflow...
2025-07-04 17:29:14.991 [info] Getting sessions for user:email...
2025-07-04 17:29:14.991 [info] Got 1 sessions for user:email...
2025-07-04 17:29:15.552 [info] Getting sessions for all scopes...
2025-07-04 17:29:15.552 [info] Got 3 sessions for ...
2025-07-04 17:29:15.557 [info] Getting sessions for read:user,repo,user:email,workflow...
2025-07-04 17:29:15.557 [info] Got 0 sessions for read:user,repo,user:email,workflow...
2025-07-04 17:29:15.564 [info] Getting sessions for read:user,repo,user:email,workflow...
2025-07-04 17:29:15.564 [info] Got 0 sessions for read:user,repo,user:email,workflow...
2025-07-04 17:29:15.567 [info] Getting sessions for all scopes...
2025-07-04 17:29:15.567 [info] Got 3 sessions for ...
2025-07-04 17:29:15.571 [info] Getting sessions for read:user,repo,user:email,workflow...
2025-07-04 17:29:15.571 [info] Got 0 sessions for read:user,repo,user:email,workflow...
2025-07-04 17:29:15.572 [info] Getting sessions for user:email...
2025-07-04 17:29:15.572 [info] Got 1 sessions for user:email...
2025-07-04 17:29:15.857 [info] Getting sessions for all scopes...
2025-07-04 17:29:15.857 [info] Got 3 sessions for ...
2025-07-04 17:29:15.857 [info] Getting sessions for all scopes...
2025-07-04 17:29:15.857 [info] Got 3 sessions for ...
2025-07-04 17:29:15.912 [info] Getting sessions for read:user,repo,user:email,workflow...
2025-07-04 17:29:15.912 [info] Got 0 sessions for read:user,repo,user:email,workflow...
2025-07-04 17:29:15.924 [info] Getting sessions for user:email...
2025-07-04 17:29:15.924 [info] Got 1 sessions for user:email...
2025-07-04 17:29:15.927 [info] Getting sessions for read:user,repo,user:email,workflow...
2025-07-04 17:29:15.927 [info] Got 0 sessions for read:user,repo,user:email,workflow...
2025-07-04 17:29:15.969 [info] Getting sessions for all scopes...
2025-07-04 17:29:15.969 [info] Got 3 sessions for ...
2025-07-04 17:29:18.480 [info] Getting sessions for read:user,repo,user:email,workflow...
2025-07-04 17:29:18.480 [info] Got 0 sessions for read:user,repo,user:email,workflow...
2025-07-04 17:29:18.490 [info] Getting sessions for user:email...
2025-07-04 17:29:18.491 [info] Got 1 sessions for user:email...
2025-07-04 17:29:18.538 [info] Getting sessions for all scopes...
2025-07-04 17:29:18.538 [info] Got 3 sessions for ...
2025-07-04 17:29:18.538 [info] Getting sessions for all scopes...
2025-07-04 17:29:18.538 [info] Got 3 sessions for ...
2025-07-04 17:29:18.545 [info] Getting sessions for read:user,repo,user:email,workflow...
2025-07-04 17:29:18.546 [info] Got 0 sessions for read:user,repo,user:email,workflow...
2025-07-04 17:29:18.547 [info] Getting sessions for user:email...
2025-07-04 17:29:18.547 [info] Got 1 sessions for user:email...
2025-07-04 17:29:18.547 [info] Getting sessions for read:user,repo,user:email,workflow...
2025-07-04 17:29:18.547 [info] Got 0 sessions for read:user,repo,user:email,workflow...
2025-07-04 17:29:18.552 [info] Getting sessions for all scopes...
2025-07-04 17:29:18.552 [info] Got 3 sessions for ...
2025-07-04 17:29:18.556 [info] Getting sessions for all scopes...
2025-07-04 17:29:18.556 [info] Got 3 sessions for ...
2025-07-04 17:29:18.556 [info] Getting sessions for all scopes...
2025-07-04 17:29:18.556 [info] Got 3 sessions for ...
2025-07-04 17:29:18.559 [info] Getting sessions for read:user,repo,user:email,workflow...
2025-07-04 17:29:18.559 [info] Got 0 sessions for read:user,repo,user:email,workflow...
2025-07-04 17:29:18.560 [info] Getting sessions for user:email...
2025-07-04 17:29:18.560 [info] Got 1 sessions for user:email...
2025-07-04 17:29:19.002 [info] Getting sessions for all scopes...
2025-07-04 17:29:19.002 [info] Got 3 sessions for ...
2025-07-04 17:29:19.005 [info] Getting sessions for read:user,repo,user:email,workflow...
2025-07-04 17:29:19.005 [info] Got 0 sessions for read:user,repo,user:email,workflow...
2025-07-04 17:29:19.009 [info] Getting sessions for user:email...
2025-07-04 17:29:19.009 [info] Got 1 sessions for user:email...
2025-07-04 17:29:19.221 [info] Getting sessions for all scopes...
2025-07-04 17:29:19.221 [info] Got 3 sessions for ...
2025-07-04 17:29:19.225 [info] Getting sessions for read:user,repo,user:email,workflow...
2025-07-04 17:29:19.226 [info] Got 0 sessions for read:user,repo,user:email,workflow...
2025-07-04 17:29:19.233 [info] Getting sessions for user:email...
2025-07-04 17:29:19.233 [info] Got 1 sessions for user:email...
