2025-07-04 18:03:29.222 [info] [main] Log level: Info
2025-07-04 18:03:29.222 [info] [main] Validating found git in: "git"
2025-07-04 18:03:29.222 [info] [main] Using git "2.50.0" from "git"
2025-07-04 18:03:29.222 [info] [Model][doInitialScan] Initial repository scan started
2025-07-04 18:03:29.222 [info] > git rev-parse --show-toplevel [11ms]
2025-07-04 18:03:29.222 [info] fatal: not a git repository (or any of the parent directories): .git
2025-07-04 18:03:29.222 [info] > git rev-parse --show-toplevel [2ms]
2025-07-04 18:03:29.222 [info] > git rev-parse --git-dir --git-common-dir [3ms]
2025-07-04 18:03:29.222 [info] [Model][openRepository] Opened repository (path): /home/ionutcipriananescu/Developer/Web-Development-Bootcamp
2025-07-04 18:03:29.222 [info] [Model][openRepository] Opened repository (real path): /home/ionutcipriananescu/Developer/Web-Development-Bootcamp
2025-07-04 18:03:29.222 [info] [Model][doInitialScan] Initial repository scan completed - repositories (1), closed repositories (0), parent repositories (0), unsafe repositories (0)
2025-07-04 18:03:29.222 [info] > git config --get commit.template [10ms]
2025-07-04 18:03:29.251 [info] > git for-each-ref --format=%(refname)%00%(upstream:short)%00%(objectname)%00%(upstream:track)%00%(upstream:remotename)%00%(upstream:remoteref) refs/heads/main refs/remotes/main [31ms]
2025-07-04 18:03:29.278 [warning] [Git][revParse] Unable to read file: ENOENT: no such file or directory, open '/home/ionutcipriananescu/Developer/Web-Development-Bootcamp/.git/refs/remotes/origin/main'
2025-07-04 18:03:29.302 [info] > git rev-parse --show-toplevel [17ms]
2025-07-04 18:03:29.302 [info] fatal: not a git repository (or any of the parent directories): .git
2025-07-04 18:03:29.302 [info] > git rev-parse refs/remotes/origin/main [24ms]
2025-07-04 18:03:34.920 [info] > git status -z -uall [5611ms]
2025-07-04 18:03:34.922 [info] > git for-each-ref --sort -committerdate --format %(refname)%00%(objectname)%00%(*objectname) [5603ms]
2025-07-04 18:03:34.962 [info] > git fetch [5762ms]
2025-07-04 18:03:35.511 [info] > git check-ignore -v -z --stdin [519ms]
2025-07-04 18:03:35.565 [info] > git for-each-ref --format=%(refname)%00%(upstream:short)%00%(objectname)%00%(upstream:track)%00%(upstream:remotename)%00%(upstream:remoteref) refs/heads/main refs/remotes/main [605ms]
2025-07-04 18:03:35.877 [info] > git config --get --local branch.main.vscode-merge-base [287ms]
2025-07-04 18:03:35.901 [info] > git rev-parse --show-toplevel [442ms]
2025-07-04 18:03:35.901 [info] fatal: not a git repository (or any of the parent directories): .git
2025-07-04 18:03:35.902 [info] > git config --get commit.template [502ms]
2025-07-04 18:03:35.902 [info] > git config --get commit.template [524ms]
2025-07-04 18:03:36.071 [info] > git for-each-ref --format=%(refname)%00%(upstream:short)%00%(objectname)%00%(upstream:track)%00%(upstream:remotename)%00%(upstream:remoteref) refs/heads/origin/main refs/remotes/origin/main [172ms]
2025-07-04 18:03:36.398 [info] > git merge-base refs/heads/main refs/remotes/origin/main [296ms]
2025-07-04 18:03:36.421 [info] > git rev-parse --show-toplevel [355ms]
2025-07-04 18:03:36.421 [info] fatal: not a git repository (or any of the parent directories): .git
2025-07-04 18:03:36.480 [info] > git diff --name-status -z --diff-filter=ADMR ba47c2770f9449be2b3eff23cfe45507c8570422...refs/remotes/origin/main [60ms]
2025-07-04 18:03:36.481 [info] > git for-each-ref --format=%(refname)%00%(upstream:short)%00%(objectname)%00%(upstream:track)%00%(upstream:remotename)%00%(upstream:remoteref) refs/heads/main refs/remotes/main [303ms]
2025-07-04 18:03:36.481 [info] > git for-each-ref --format=%(refname)%00%(upstream:short)%00%(objectname)%00%(upstream:track)%00%(upstream:remotename)%00%(upstream:remoteref) refs/heads/main refs/remotes/main [326ms]
2025-07-04 18:03:36.527 [warning] [Git][revParse] Unable to read file: ENOENT: no such file or directory, open '/home/ionutcipriananescu/Developer/Web-Development-Bootcamp/.git/refs/remotes/origin/main'
2025-07-04 18:03:36.549 [warning] [Git][revParse] Unable to read file: ENOENT: no such file or directory, open '/home/ionutcipriananescu/Developer/Web-Development-Bootcamp/.git/refs/remotes/origin/main'
2025-07-04 18:03:36.556 [info] > git rev-parse --show-toplevel [89ms]
2025-07-04 18:03:36.556 [info] fatal: not a git repository (or any of the parent directories): .git
2025-07-04 18:03:36.697 [info] > git rev-parse refs/remotes/origin/main [148ms]
2025-07-04 18:03:36.699 [info] > git rev-parse refs/remotes/origin/main [172ms]
2025-07-04 18:03:36.809 [info] > git for-each-ref --sort -committerdate --format %(refname)%00%(objectname)%00%(*objectname) [59ms]
2025-07-04 18:03:37.306 [info] > git status -z -uall [582ms]
2025-07-04 18:03:37.740 [info] > git config --get commit.template [49ms]
2025-07-04 18:03:37.788 [info] > git for-each-ref --format=%(refname)%00%(upstream:short)%00%(objectname)%00%(upstream:track)%00%(upstream:remotename)%00%(upstream:remoteref) refs/heads/main refs/remotes/main [11ms]
2025-07-04 18:03:37.827 [warning] [Git][revParse] Unable to read file: ENOENT: no such file or directory, open '/home/ionutcipriananescu/Developer/Web-Development-Bootcamp/.git/refs/remotes/origin/main'
2025-07-04 18:03:37.862 [info] > git rev-parse refs/remotes/origin/main [35ms]
2025-07-04 18:03:37.942 [info] > git for-each-ref --sort -committerdate --format %(refname)%00%(objectname)%00%(*objectname) [11ms]
2025-07-04 18:03:38.248 [info] > git status -z -uall [360ms]
2025-07-04 18:03:45.943 [info] > git rev-parse --show-toplevel [14ms]
2025-07-04 18:03:45.944 [info] fatal: not a git repository (or any of the parent directories): .git
