2025-07-04 17:07:36.999 [info] Reading sessions from keychain...
2025-07-04 17:07:36.999 [info] Getting sessions for all scopes...
2025-07-04 17:07:36.999 [info] Getting sessions for all scopes...
2025-07-04 17:07:36.999 [info] Getting sessions for all scopes...
2025-07-04 17:07:36.999 [info] Getting sessions for all scopes...
2025-07-04 17:07:36.999 [info] Getting sessions for user:email...
2025-07-04 17:07:36.999 [info] Getting sessions for all scopes...
2025-07-04 17:07:36.999 [info] Getting sessions for read:org,user:email...
2025-07-04 17:07:36.999 [info] Getting sessions for all scopes...
2025-07-04 17:07:36.999 [info] Getting sessions for all scopes...
2025-07-04 17:07:36.999 [info] Getting sessions for all scopes...
2025-07-04 17:07:36.999 [info] Getting sessions for all scopes...
2025-07-04 17:07:36.999 [info] Getting sessions for all scopes...
2025-07-04 17:07:36.999 [info] Got stored sessions!
2025-07-04 17:07:36.999 [info] Got 3 verified sessions.
2025-07-04 17:07:36.999 [info] Got 3 sessions for ...
2025-07-04 17:07:36.999 [info] Got 3 sessions for ...
2025-07-04 17:07:36.999 [info] Got 3 sessions for ...
2025-07-04 17:07:36.999 [info] Got 3 sessions for ...
2025-07-04 17:07:36.999 [info] Got 1 sessions for user:email...
2025-07-04 17:07:36.999 [info] Got 3 sessions for ...
2025-07-04 17:07:36.999 [info] Got 1 sessions for read:org,user:email...
2025-07-04 17:07:36.999 [info] Got 3 sessions for ...
2025-07-04 17:07:36.999 [info] Got 3 sessions for ...
2025-07-04 17:07:36.999 [info] Got 3 sessions for ...
2025-07-04 17:07:36.999 [info] Got 3 sessions for ...
2025-07-04 17:07:36.999 [info] Got 3 sessions for ...
2025-07-04 17:07:36.999 [info] Getting sessions for all scopes...
2025-07-04 17:07:36.999 [info] Got 3 sessions for ...
2025-07-04 17:07:36.999 [info] Getting sessions for all scopes...
2025-07-04 17:07:36.999 [info] Got 3 sessions for ...
2025-07-04 17:07:36.999 [info] Getting sessions for all scopes...
2025-07-04 17:07:36.999 [info] Got 3 sessions for ...
2025-07-04 17:07:36.999 [info] Getting sessions for all scopes...
2025-07-04 17:07:36.999 [info] Got 3 sessions for ...
2025-07-04 17:07:36.999 [info] Getting sessions for all scopes...
2025-07-04 17:07:36.999 [info] Got 3 sessions for ...
2025-07-04 17:07:36.999 [info] Getting sessions for all scopes...
2025-07-04 17:07:36.999 [info] Got 3 sessions for ...
2025-07-04 17:07:36.999 [info] Getting sessions for all scopes...
2025-07-04 17:07:36.999 [info] Got 3 sessions for ...
2025-07-04 17:07:43.773 [info] Getting sessions for read:user,repo,user:email...
2025-07-04 17:07:43.773 [info] Got 1 sessions for read:user,repo,user:email...
2025-07-04 17:07:43.773 [info] Getting sessions for all scopes...
2025-07-04 17:07:43.773 [info] Got 3 sessions for ...
2025-07-04 17:07:43.773 [info] Getting sessions for all scopes...
2025-07-04 17:07:43.773 [info] Got 3 sessions for ...
2025-07-04 17:07:43.798 [info] Getting sessions for all scopes...
2025-07-04 17:07:43.798 [info] Got 3 sessions for ...
2025-07-04 17:07:44.050 [info] Getting sessions for all scopes...
2025-07-04 17:07:44.050 [info] Got 3 sessions for ...
2025-07-04 17:07:44.050 [info] Getting sessions for read:user,repo,user:email,workflow...
2025-07-04 17:07:44.050 [info] Got 0 sessions for read:user,repo,user:email,workflow...
2025-07-04 17:07:44.326 [info] Getting sessions for read:user,repo,user:email,workflow...
2025-07-04 17:07:44.326 [info] Got 0 sessions for read:user,repo,user:email,workflow...
2025-07-04 17:07:44.850 [info] Getting sessions for read:user...
2025-07-04 17:07:44.850 [info] Got 0 sessions for read:user...
2025-07-04 17:07:44.858 [info] Getting sessions for user:email...
2025-07-04 17:07:44.858 [info] Got 1 sessions for user:email...
2025-07-04 17:07:44.894 [info] Getting sessions for user:email...
2025-07-04 17:07:44.894 [info] Got 1 sessions for user:email...
2025-07-04 17:07:44.894 [info] Getting sessions for read:user,repo,user:email,workflow...
2025-07-04 17:07:44.894 [info] Got 0 sessions for read:user,repo,user:email,workflow...
2025-07-04 17:07:44.894 [info] Getting sessions for read:user,repo,user:email,workflow...
2025-07-04 17:07:44.894 [info] Got 0 sessions for read:user,repo,user:email,workflow...
2025-07-04 17:07:45.345 [info] Getting sessions for read:user,repo,user:email...
2025-07-04 17:07:45.345 [info] Got 1 sessions for read:user,repo,user:email...
2025-07-04 17:07:45.691 [info] Getting sessions for user:email...
2025-07-04 17:07:45.691 [info] Got 1 sessions for user:email...
2025-07-04 17:07:46.877 [info] Getting sessions for user:email...
2025-07-04 17:07:46.877 [info] Got 1 sessions for user:email...
2025-07-04 17:07:46.984 [info] Getting sessions for all scopes...
2025-07-04 17:07:46.984 [info] Got 3 sessions for ...
2025-07-04 17:07:46.984 [info] Getting sessions for all scopes...
2025-07-04 17:07:46.984 [info] Got 3 sessions for ...
2025-07-04 17:07:47.436 [info] Getting sessions for read:user,repo,user:email,workflow...
2025-07-04 17:07:47.436 [info] Got 0 sessions for read:user,repo,user:email,workflow...
2025-07-04 17:07:47.554 [info] Getting sessions for user:email...
2025-07-04 17:07:47.554 [info] Got 1 sessions for user:email...
2025-07-04 17:07:48.250 [info] Getting sessions for all scopes...
2025-07-04 17:07:48.250 [info] Got 3 sessions for ...
2025-07-04 17:07:48.289 [info] Getting sessions for read:user,repo,user:email,workflow...
2025-07-04 17:07:48.289 [info] Got 0 sessions for read:user,repo,user:email,workflow...
2025-07-04 17:07:48.302 [info] Getting sessions for read:user,repo,user:email,workflow...
2025-07-04 17:07:48.302 [info] Got 0 sessions for read:user,repo,user:email,workflow...
2025-07-04 17:07:48.315 [info] Getting sessions for all scopes...
2025-07-04 17:07:48.315 [info] Got 3 sessions for ...
2025-07-04 17:07:48.403 [info] Getting sessions for read:user,repo,user:email,workflow...
2025-07-04 17:07:48.403 [info] Got 0 sessions for read:user,repo,user:email,workflow...
2025-07-04 17:07:48.412 [info] Getting sessions for user:email...
2025-07-04 17:07:48.412 [info] Got 1 sessions for user:email...
2025-07-04 17:07:48.522 [info] Getting sessions for all scopes...
2025-07-04 17:07:48.522 [info] Got 3 sessions for ...
2025-07-04 17:07:48.522 [info] Getting sessions for all scopes...
2025-07-04 17:07:48.522 [info] Got 3 sessions for ...
2025-07-04 17:07:48.556 [info] Getting sessions for read:user,repo,user:email,workflow...
2025-07-04 17:07:48.556 [info] Got 0 sessions for read:user,repo,user:email,workflow...
2025-07-04 17:07:48.567 [info] Getting sessions for user:email...
2025-07-04 17:07:48.567 [info] Got 1 sessions for user:email...
2025-07-04 17:07:48.583 [info] Getting sessions for read:user,repo,user:email,workflow...
2025-07-04 17:07:48.583 [info] Got 0 sessions for read:user,repo,user:email,workflow...
2025-07-04 17:07:48.589 [info] Getting sessions for all scopes...
2025-07-04 17:07:48.589 [info] Got 3 sessions for ...
2025-07-04 17:07:48.597 [info] Getting sessions for read:user,repo,user:email,workflow...
2025-07-04 17:07:48.597 [info] Got 0 sessions for read:user,repo,user:email,workflow...
2025-07-04 17:07:48.617 [info] Getting sessions for user:email...
2025-07-04 17:07:48.617 [info] Got 1 sessions for user:email...
2025-07-04 17:07:48.698 [info] Getting sessions for all scopes...
2025-07-04 17:07:48.698 [info] Got 3 sessions for ...
2025-07-04 17:07:48.702 [info] Getting sessions for all scopes...
2025-07-04 17:07:48.702 [info] Got 3 sessions for ...
2025-07-04 17:07:48.713 [info] Getting sessions for read:user,repo,user:email,workflow...
2025-07-04 17:07:48.713 [info] Got 0 sessions for read:user,repo,user:email,workflow...
2025-07-04 17:07:48.722 [info] Getting sessions for user:email...
2025-07-04 17:07:48.722 [info] Got 1 sessions for user:email...
2025-07-04 17:07:48.723 [info] Getting sessions for read:user,repo,user:email,workflow...
2025-07-04 17:07:48.723 [info] Got 0 sessions for read:user,repo,user:email,workflow...
2025-07-04 17:07:48.729 [info] Getting sessions for all scopes...
2025-07-04 17:07:48.729 [info] Got 3 sessions for ...
2025-07-04 17:07:48.734 [info] Getting sessions for all scopes...
2025-07-04 17:07:48.734 [info] Got 3 sessions for ...
2025-07-04 17:07:48.737 [info] Getting sessions for all scopes...
2025-07-04 17:07:48.737 [info] Got 3 sessions for ...
2025-07-04 17:07:48.741 [info] Getting sessions for read:user,repo,user:email,workflow...
2025-07-04 17:07:48.741 [info] Got 0 sessions for read:user,repo,user:email,workflow...
2025-07-04 17:07:48.748 [info] Getting sessions for user:email...
2025-07-04 17:07:48.749 [info] Got 1 sessions for user:email...
2025-07-04 17:07:48.905 [info] Getting sessions for all scopes...
2025-07-04 17:07:48.905 [info] Got 3 sessions for ...
2025-07-04 17:07:48.910 [info] Getting sessions for read:user,repo,user:email,workflow...
2025-07-04 17:07:48.910 [info] Got 0 sessions for read:user,repo,user:email,workflow...
2025-07-04 17:07:48.912 [info] Getting sessions for user:email...
2025-07-04 17:07:48.912 [info] Got 1 sessions for user:email...
2025-07-04 17:07:51.063 [info] Getting sessions for all scopes...
2025-07-04 17:07:51.063 [info] Got 3 sessions for ...
2025-07-04 17:07:53.474 [info] Getting sessions for read:user,repo,user:email,workflow...
2025-07-04 17:07:53.474 [info] Got 0 sessions for read:user,repo,user:email,workflow...
2025-07-04 17:07:53.491 [info] Getting sessions for user:email...
2025-07-04 17:07:53.491 [info] Got 1 sessions for user:email...
2025-07-04 17:22:53.494 [info] Getting sessions for all scopes...
2025-07-04 17:22:53.494 [info] Got 3 sessions for ...
2025-07-04 17:22:53.497 [info] Getting sessions for read:user,repo,user:email,workflow...
2025-07-04 17:22:53.497 [info] Got 0 sessions for read:user,repo,user:email,workflow...
2025-07-04 17:22:53.498 [info] Getting sessions for user:email...
2025-07-04 17:22:53.498 [info] Got 1 sessions for user:email...
