2025-07-04 17:38:36.937 [info] Reading sessions from keychain...
2025-07-04 17:38:36.937 [info] Getting sessions for all scopes...
2025-07-04 17:38:36.937 [info] Getting sessions for all scopes...
2025-07-04 17:38:36.937 [info] Getting sessions for all scopes...
2025-07-04 17:38:36.937 [info] Getting sessions for all scopes...
2025-07-04 17:38:36.937 [info] Getting sessions for all scopes...
2025-07-04 17:38:36.937 [info] Getting sessions for all scopes...
2025-07-04 17:38:36.937 [info] Getting sessions for all scopes...
2025-07-04 17:38:36.937 [info] Got stored sessions!
2025-07-04 17:38:36.938 [info] Got 3 verified sessions.
2025-07-04 17:38:36.938 [info] Got 3 sessions for ...
2025-07-04 17:38:36.938 [info] Got 3 sessions for ...
2025-07-04 17:38:36.938 [info] Got 3 sessions for ...
2025-07-04 17:38:36.938 [info] Got 3 sessions for ...
2025-07-04 17:38:36.938 [info] Got 3 sessions for ...
2025-07-04 17:38:36.938 [info] Got 3 sessions for ...
2025-07-04 17:38:36.938 [info] Got 3 sessions for ...
2025-07-04 17:38:36.938 [info] Getting sessions for all scopes...
2025-07-04 17:38:36.938 [info] Got 3 sessions for ...
2025-07-04 17:38:36.950 [info] Getting sessions for all scopes...
2025-07-04 17:38:36.950 [info] Got 3 sessions for ...
2025-07-04 17:38:36.950 [info] Getting sessions for all scopes...
2025-07-04 17:38:36.950 [info] Got 3 sessions for ...
2025-07-04 17:38:36.950 [info] Getting sessions for all scopes...
2025-07-04 17:38:36.950 [info] Got 3 sessions for ...
2025-07-04 17:38:36.950 [info] Getting sessions for all scopes...
2025-07-04 17:38:36.950 [info] Got 3 sessions for ...
2025-07-04 17:38:36.951 [info] Getting sessions for all scopes...
2025-07-04 17:38:36.951 [info] Got 3 sessions for ...
2025-07-04 17:38:36.951 [info] Getting sessions for all scopes...
2025-07-04 17:38:36.951 [info] Got 3 sessions for ...
2025-07-04 17:38:43.560 [info] Getting sessions for user:email...
2025-07-04 17:38:43.560 [info] Got 1 sessions for user:email...
2025-07-04 17:38:43.762 [info] Getting sessions for all scopes...
2025-07-04 17:38:43.762 [info] Got 3 sessions for ...
2025-07-04 17:38:43.802 [info] Getting sessions for read:org,user:email...
2025-07-04 17:38:43.802 [info] Got 1 sessions for read:org,user:email...
2025-07-04 17:38:43.811 [info] Getting sessions for all scopes...
2025-07-04 17:38:43.812 [info] Got 3 sessions for ...
2025-07-04 17:38:44.646 [info] Getting sessions for read:user,repo,user:email...
2025-07-04 17:38:44.646 [info] Got 1 sessions for read:user,repo,user:email...
2025-07-04 17:38:44.696 [info] Getting sessions for all scopes...
2025-07-04 17:38:44.696 [info] Got 3 sessions for ...
2025-07-04 17:38:44.697 [info] Getting sessions for all scopes...
2025-07-04 17:38:44.697 [info] Got 3 sessions for ...
2025-07-04 17:38:44.771 [info] Getting sessions for all scopes...
2025-07-04 17:38:44.771 [info] Got 3 sessions for ...
2025-07-04 17:38:45.068 [info] Getting sessions for all scopes...
2025-07-04 17:38:45.068 [info] Got 3 sessions for ...
2025-07-04 17:38:45.068 [info] Getting sessions for read:user,repo,user:email,workflow...
2025-07-04 17:38:45.068 [info] Got 0 sessions for read:user,repo,user:email,workflow...
2025-07-04 17:38:45.316 [info] Getting sessions for read:user,repo,user:email,workflow...
2025-07-04 17:38:45.316 [info] Got 0 sessions for read:user,repo,user:email,workflow...
2025-07-04 17:38:45.628 [info] Getting sessions for read:user...
2025-07-04 17:38:45.628 [info] Got 0 sessions for read:user...
2025-07-04 17:38:45.641 [info] Getting sessions for user:email...
2025-07-04 17:38:45.641 [info] Got 1 sessions for user:email...
2025-07-04 17:38:45.641 [info] Getting sessions for read:user,repo,user:email,workflow...
2025-07-04 17:38:45.641 [info] Got 0 sessions for read:user,repo,user:email,workflow...
2025-07-04 17:38:46.020 [info] Getting sessions for read:user,repo,user:email...
2025-07-04 17:38:46.020 [info] Got 1 sessions for read:user,repo,user:email...
2025-07-04 17:38:46.058 [info] Getting sessions for user:email...
2025-07-04 17:38:46.058 [info] Got 1 sessions for user:email...
2025-07-04 17:38:46.080 [info] Getting sessions for read:user,repo,user:email,workflow...
2025-07-04 17:38:46.080 [info] Got 0 sessions for read:user,repo,user:email,workflow...
2025-07-04 17:38:46.130 [info] Getting sessions for all scopes...
2025-07-04 17:38:46.130 [info] Got 3 sessions for ...
2025-07-04 17:38:46.132 [info] Getting sessions for all scopes...
2025-07-04 17:38:46.132 [info] Got 3 sessions for ...
2025-07-04 17:38:46.168 [info] Getting sessions for read:user,repo,user:email,workflow...
2025-07-04 17:38:46.168 [info] Got 0 sessions for read:user,repo,user:email,workflow...
2025-07-04 17:38:46.211 [info] Getting sessions for user:email...
2025-07-04 17:38:46.211 [info] Got 1 sessions for user:email...
2025-07-04 17:38:46.399 [info] Getting sessions for user:email...
2025-07-04 17:38:46.399 [info] Got 1 sessions for user:email...
2025-07-04 17:38:46.402 [info] Getting sessions for user:email...
2025-07-04 17:38:46.402 [info] Got 1 sessions for user:email...
2025-07-04 17:38:47.042 [info] Getting sessions for all scopes...
2025-07-04 17:38:47.042 [info] Got 3 sessions for ...
2025-07-04 17:38:47.043 [info] Getting sessions for read:user,repo,user:email,workflow...
2025-07-04 17:38:47.043 [info] Got 0 sessions for read:user,repo,user:email,workflow...
2025-07-04 17:38:47.045 [info] Getting sessions for read:user,repo,user:email,workflow...
2025-07-04 17:38:47.045 [info] Got 0 sessions for read:user,repo,user:email,workflow...
2025-07-04 17:38:47.046 [info] Getting sessions for all scopes...
2025-07-04 17:38:47.046 [info] Got 3 sessions for ...
2025-07-04 17:38:47.047 [info] Getting sessions for read:user,repo,user:email,workflow...
2025-07-04 17:38:47.047 [info] Got 0 sessions for read:user,repo,user:email,workflow...
2025-07-04 17:38:47.048 [info] Getting sessions for user:email...
2025-07-04 17:38:47.048 [info] Got 1 sessions for user:email...
2025-07-04 17:38:47.313 [info] Getting sessions for all scopes...
2025-07-04 17:38:47.313 [info] Got 3 sessions for ...
2025-07-04 17:38:47.313 [info] Getting sessions for all scopes...
2025-07-04 17:38:47.313 [info] Got 3 sessions for ...
2025-07-04 17:38:47.335 [info] Getting sessions for read:user,repo,user:email,workflow...
2025-07-04 17:38:47.335 [info] Got 0 sessions for read:user,repo,user:email,workflow...
2025-07-04 17:38:47.336 [info] Getting sessions for user:email...
2025-07-04 17:38:47.336 [info] Got 1 sessions for user:email...
2025-07-04 17:38:47.336 [info] Getting sessions for read:user,repo,user:email,workflow...
2025-07-04 17:38:47.336 [info] Got 0 sessions for read:user,repo,user:email,workflow...
2025-07-04 17:38:47.350 [info] Getting sessions for all scopes...
2025-07-04 17:38:47.350 [info] Got 3 sessions for ...
2025-07-04 17:38:47.352 [info] Getting sessions for read:user,repo,user:email,workflow...
2025-07-04 17:38:47.352 [info] Got 0 sessions for read:user,repo,user:email,workflow...
2025-07-04 17:38:47.384 [info] Getting sessions for user:email...
2025-07-04 17:38:47.384 [info] Got 1 sessions for user:email...
2025-07-04 17:38:47.472 [info] Getting sessions for all scopes...
2025-07-04 17:38:47.472 [info] Got 3 sessions for ...
2025-07-04 17:38:47.472 [info] Getting sessions for all scopes...
2025-07-04 17:38:47.473 [info] Got 3 sessions for ...
2025-07-04 17:38:47.552 [info] Getting sessions for read:user,repo,user:email,workflow...
2025-07-04 17:38:47.552 [info] Got 0 sessions for read:user,repo,user:email,workflow...
2025-07-04 17:38:47.556 [info] Getting sessions for user:email...
2025-07-04 17:38:47.556 [info] Got 1 sessions for user:email...
2025-07-04 17:38:47.557 [info] Getting sessions for read:user,repo,user:email,workflow...
2025-07-04 17:38:47.557 [info] Got 0 sessions for read:user,repo,user:email,workflow...
2025-07-04 17:38:47.566 [info] Getting sessions for all scopes...
2025-07-04 17:38:47.566 [info] Got 3 sessions for ...
2025-07-04 17:38:47.650 [info] Getting sessions for all scopes...
2025-07-04 17:38:47.650 [info] Got 3 sessions for ...
2025-07-04 17:38:47.667 [info] Getting sessions for all scopes...
2025-07-04 17:38:47.667 [info] Got 3 sessions for ...
2025-07-04 17:38:47.669 [info] Getting sessions for read:user,repo,user:email,workflow...
2025-07-04 17:38:47.669 [info] Got 0 sessions for read:user,repo,user:email,workflow...
2025-07-04 17:38:47.671 [info] Getting sessions for user:email...
2025-07-04 17:38:47.671 [info] Got 1 sessions for user:email...
2025-07-04 17:38:48.123 [info] Getting sessions for all scopes...
2025-07-04 17:38:48.123 [info] Got 3 sessions for ...
2025-07-04 17:38:48.128 [info] Getting sessions for read:user,repo,user:email,workflow...
2025-07-04 17:38:48.128 [info] Got 0 sessions for read:user,repo,user:email,workflow...
2025-07-04 17:38:48.132 [info] Getting sessions for user:email...
2025-07-04 17:38:48.132 [info] Got 1 sessions for user:email...
2025-07-04 17:38:48.605 [info] Getting sessions for all scopes...
2025-07-04 17:38:48.605 [info] Got 3 sessions for ...
2025-07-04 17:38:48.609 [info] Getting sessions for read:user,repo,user:email,workflow...
2025-07-04 17:38:48.609 [info] Got 0 sessions for read:user,repo,user:email,workflow...
2025-07-04 17:38:48.612 [info] Getting sessions for user:email...
2025-07-04 17:38:48.612 [info] Got 1 sessions for user:email...
2025-07-04 17:53:48.615 [info] Getting sessions for all scopes...
2025-07-04 17:53:48.615 [info] Got 3 sessions for ...
2025-07-04 17:53:48.616 [info] Getting sessions for read:user,repo,user:email,workflow...
2025-07-04 17:53:48.616 [info] Got 0 sessions for read:user,repo,user:email,workflow...
2025-07-04 17:53:48.617 [info] Getting sessions for user:email...
2025-07-04 17:53:48.617 [info] Got 1 sessions for user:email...
