2025-07-04 18:03:58.317 [info] [main] Log level: Info
2025-07-04 18:03:58.317 [info] [main] Validating found git in: "git"
2025-07-04 18:03:58.317 [info] [main] Using git "2.50.0" from "git"
2025-07-04 18:03:58.317 [info] [Model][doInitialScan] Initial repository scan started
2025-07-04 18:03:58.317 [info] > git rev-parse --show-toplevel [2ms]
2025-07-04 18:03:58.317 [info] fatal: not a git repository (or any of the parent directories): .git
2025-07-04 18:03:58.317 [info] > git rev-parse --show-toplevel [2ms]
2025-07-04 18:03:58.317 [info] > git rev-parse --git-dir --git-common-dir [4ms]
2025-07-04 18:03:58.317 [info] [Model][openRepository] Opened repository (path): /home/ionutcipriananescu/Developer/Web-Development-Bootcamp
2025-07-04 18:03:58.317 [info] [Model][openRepository] Opened repository (real path): /home/ionutcipriananescu/Developer/Web-Development-Bootcamp
2025-07-04 18:03:58.317 [info] [Model][doInitialScan] Initial repository scan completed - repositories (1), closed repositories (0), parent repositories (0), unsafe repositories (0)
2025-07-04 18:03:58.317 [info] > git config --get commit.template [51ms]
2025-07-04 18:03:58.327 [info] > git rev-parse --show-toplevel [2ms]
2025-07-04 18:03:58.327 [info] fatal: not a git repository (or any of the parent directories): .git
2025-07-04 18:03:58.327 [info] > git for-each-ref --format=%(refname)%00%(upstream:short)%00%(objectname)%00%(upstream:track)%00%(upstream:remotename)%00%(upstream:remoteref) refs/heads/main refs/remotes/main [10ms]
2025-07-04 18:03:58.336 [warning] [Git][revParse] Unable to read file: ENOENT: no such file or directory, open '/home/ionutcipriananescu/Developer/Web-Development-Bootcamp/.git/refs/remotes/origin/main'
2025-07-04 18:04:04.088 [info] > git fetch [5872ms]
2025-07-04 18:04:04.088 [info] > git rev-parse refs/remotes/origin/main [5752ms]
2025-07-04 18:04:04.712 [info] > git check-ignore -v -z --stdin [565ms]
2025-07-04 18:04:04.763 [info] > git for-each-ref --format=%(refname)%00%(upstream:short)%00%(objectname)%00%(upstream:track)%00%(upstream:remotename)%00%(upstream:remoteref) refs/heads/main refs/remotes/main [642ms]
2025-07-04 18:04:05.103 [info] > git config --get --local branch.main.vscode-merge-base [313ms]
2025-07-04 18:04:05.138 [info] > git rev-parse --show-toplevel [468ms]
2025-07-04 18:04:05.138 [info] fatal: not a git repository (or any of the parent directories): .git
2025-07-04 18:04:05.138 [info] > git config --get commit.template [492ms]
2025-07-04 18:04:05.139 [info] > git config --get commit.template [519ms]
2025-07-04 18:04:05.388 [info] > git for-each-ref --format=%(refname)%00%(upstream:short)%00%(objectname)%00%(upstream:track)%00%(upstream:remotename)%00%(upstream:remoteref) refs/heads/origin/main refs/remotes/origin/main [254ms]
2025-07-04 18:04:05.700 [info] > git merge-base refs/heads/main refs/remotes/origin/main [283ms]
2025-07-04 18:04:05.724 [info] > git rev-parse --show-toplevel [374ms]
2025-07-04 18:04:05.724 [info] fatal: not a git repository (or any of the parent directories): .git
2025-07-04 18:04:05.812 [info] > git diff --name-status -z --diff-filter=ADMR ba47c2770f9449be2b3eff23cfe45507c8570422...refs/remotes/origin/main [89ms]
2025-07-04 18:04:05.813 [info] > git for-each-ref --format=%(refname)%00%(upstream:short)%00%(objectname)%00%(upstream:track)%00%(upstream:remotename)%00%(upstream:remoteref) refs/heads/main refs/remotes/main [301ms]
2025-07-04 18:04:05.813 [info] > git for-each-ref --format=%(refname)%00%(upstream:short)%00%(objectname)%00%(upstream:track)%00%(upstream:remotename)%00%(upstream:remoteref) refs/heads/main refs/remotes/main [331ms]
2025-07-04 18:04:05.863 [warning] [Git][revParse] Unable to read file: ENOENT: no such file or directory, open '/home/ionutcipriananescu/Developer/Web-Development-Bootcamp/.git/refs/remotes/origin/main'
2025-07-04 18:04:05.897 [warning] [Git][revParse] Unable to read file: ENOENT: no such file or directory, open '/home/ionutcipriananescu/Developer/Web-Development-Bootcamp/.git/refs/remotes/origin/main'
2025-07-04 18:04:05.922 [info] > git rev-parse --show-toplevel [158ms]
2025-07-04 18:04:05.922 [info] fatal: not a git repository (or any of the parent directories): .git
2025-07-04 18:04:05.974 [info] > git rev-parse refs/remotes/origin/main [77ms]
2025-07-04 18:04:05.975 [info] > git rev-parse refs/remotes/origin/main [113ms]
2025-07-04 18:04:06.110 [info] > git for-each-ref --sort -committerdate --format %(refname)%00%(objectname)%00%(*objectname) [81ms]
2025-07-04 18:04:06.563 [info] > git status -z -uall [563ms]
2025-07-04 18:04:06.950 [info] > git config --get commit.template [50ms]
2025-07-04 18:04:06.986 [info] > git for-each-ref --format=%(refname)%00%(upstream:short)%00%(objectname)%00%(upstream:track)%00%(upstream:remotename)%00%(upstream:remoteref) refs/heads/main refs/remotes/main [11ms]
2025-07-04 18:04:07.021 [warning] [Git][revParse] Unable to read file: ENOENT: no such file or directory, open '/home/ionutcipriananescu/Developer/Web-Development-Bootcamp/.git/refs/remotes/origin/main'
2025-07-04 18:04:07.064 [info] > git rev-parse refs/remotes/origin/main [43ms]
2025-07-04 18:04:07.142 [info] > git for-each-ref --sort -committerdate --format %(refname)%00%(objectname)%00%(*objectname) [12ms]
2025-07-04 18:04:07.449 [info] > git status -z -uall [356ms]
2025-07-04 18:04:12.569 [info] > git show --textconv :Section 24: Express.js with Node.js/3.4 Middleware/index1.js [33ms]
2025-07-04 18:04:12.595 [info] > git ls-files --stage -- Section 24: Express.js with Node.js/3.4 Middleware/index1.js [30ms]
2025-07-04 18:04:12.940 [info] > git cat-file -s abcc666ab10e184635152e572fffc6d851d9b2e4 [302ms]
2025-07-04 18:04:13.144 [info] > git blame --root --incremental ba47c2770f9449be2b3eff23cfe45507c8570422 -- Section 24: Express.js with Node.js/3.4 Middleware/index1.js [4ms]
2025-07-04 18:04:37.630 [info] > git rev-parse --show-toplevel [10ms]
2025-07-04 18:04:37.630 [info] fatal: not a git repository (or any of the parent directories): .git
2025-07-04 18:04:40.102 [info] > git show --textconv :Section 24: Express.js with Node.js/3.4 Middleware/index1.js [52ms]
2025-07-04 18:04:40.106 [info] > git ls-files --stage -- Section 24: Express.js with Node.js/3.4 Middleware/index1.js [4ms]
2025-07-04 18:04:40.136 [info] > git cat-file -s abcc666ab10e184635152e572fffc6d851d9b2e4 [3ms]
2025-07-04 18:09:35.581 [info] > git fetch [396ms]
2025-07-04 18:09:35.659 [info] > git config --get commit.template [36ms]
2025-07-04 18:09:35.659 [info] > git for-each-ref --format=%(refname)%00%(upstream:short)%00%(objectname)%00%(upstream:track)%00%(upstream:remotename)%00%(upstream:remoteref) refs/heads/main refs/remotes/main [2ms]
2025-07-04 18:09:35.689 [warning] [Git][revParse] Unable to read file: ENOENT: no such file or directory, open '/home/ionutcipriananescu/Developer/Web-Development-Bootcamp/.git/refs/remotes/origin/main'
2025-07-04 18:09:35.690 [info] > git rev-parse refs/remotes/origin/main [1ms]
2025-07-04 18:09:35.758 [info] > git for-each-ref --sort -committerdate --format %(refname)%00%(objectname)%00%(*objectname) [2ms]
2025-07-04 18:09:36.069 [info] > git status -z -uall [350ms]
2025-07-04 18:21:19.183 [info] > git fetch [554ms]
2025-07-04 18:21:19.288 [info] > git config --get commit.template [49ms]
2025-07-04 18:21:19.288 [info] > git for-each-ref --format=%(refname)%00%(upstream:short)%00%(objectname)%00%(upstream:track)%00%(upstream:remotename)%00%(upstream:remoteref) refs/heads/main refs/remotes/main [3ms]
2025-07-04 18:21:19.328 [warning] [Git][revParse] Unable to read file: ENOENT: no such file or directory, open '/home/ionutcipriananescu/Developer/Web-Development-Bootcamp/.git/refs/remotes/origin/main'
2025-07-04 18:21:19.329 [info] > git rev-parse refs/remotes/origin/main [1ms]
2025-07-04 18:21:19.397 [info] > git for-each-ref --sort -committerdate --format %(refname)%00%(objectname)%00%(*objectname) [1ms]
2025-07-04 18:21:19.705 [info] > git status -z -uall [346ms]
2025-07-04 18:25:04.661 [info] > git fetch [417ms]
2025-07-04 18:25:04.699 [info] > git config --get commit.template [1ms]
2025-07-04 18:25:04.748 [info] > git for-each-ref --format=%(refname)%00%(upstream:short)%00%(objectname)%00%(upstream:track)%00%(upstream:remotename)%00%(upstream:remoteref) refs/heads/main refs/remotes/main [2ms]
2025-07-04 18:25:04.793 [warning] [Git][revParse] Unable to read file: ENOENT: no such file or directory, open '/home/ionutcipriananescu/Developer/Web-Development-Bootcamp/.git/refs/remotes/origin/main'
2025-07-04 18:25:04.795 [info] > git rev-parse refs/remotes/origin/main [2ms]
2025-07-04 18:25:04.860 [info] > git for-each-ref --sort -committerdate --format %(refname)%00%(objectname)%00%(*objectname) [1ms]
2025-07-04 18:25:05.184 [info] > git status -z -uall [354ms]
2025-07-04 18:31:00.962 [info] > git fetch [420ms]
2025-07-04 18:31:01.011 [info] > git config --get commit.template [1ms]
2025-07-04 18:31:01.059 [info] > git for-each-ref --format=%(refname)%00%(upstream:short)%00%(objectname)%00%(upstream:track)%00%(upstream:remotename)%00%(upstream:remoteref) refs/heads/main refs/remotes/main [1ms]
2025-07-04 18:31:01.087 [warning] [Git][revParse] Unable to read file: ENOENT: no such file or directory, open '/home/ionutcipriananescu/Developer/Web-Development-Bootcamp/.git/refs/remotes/origin/main'
2025-07-04 18:31:01.088 [info] > git rev-parse refs/remotes/origin/main [2ms]
2025-07-04 18:31:01.155 [info] > git for-each-ref --sort -committerdate --format %(refname)%00%(objectname)%00%(*objectname) [2ms]
2025-07-04 18:31:01.467 [info] > git status -z -uall [350ms]
2025-07-04 18:34:29.983 [info] > git fetch [416ms]
2025-07-04 18:34:30.044 [info] > git config --get commit.template [4ms]
2025-07-04 18:34:30.100 [info] > git for-each-ref --format=%(refname)%00%(upstream:short)%00%(objectname)%00%(upstream:track)%00%(upstream:remotename)%00%(upstream:remoteref) refs/heads/main refs/remotes/main [1ms]
2025-07-04 18:34:30.136 [warning] [Git][revParse] Unable to read file: ENOENT: no such file or directory, open '/home/ionutcipriananescu/Developer/Web-Development-Bootcamp/.git/refs/remotes/origin/main'
2025-07-04 18:34:30.139 [info] > git rev-parse refs/remotes/origin/main [3ms]
2025-07-04 18:34:30.208 [info] > git for-each-ref --sort -committerdate --format %(refname)%00%(objectname)%00%(*objectname) [2ms]
2025-07-04 18:34:30.510 [info] > git status -z -uall [343ms]
2025-07-04 18:39:27.407 [info] > git fetch [425ms]
2025-07-04 18:39:27.489 [info] > git config --get commit.template [38ms]
2025-07-04 18:39:27.489 [info] > git for-each-ref --format=%(refname)%00%(upstream:short)%00%(objectname)%00%(upstream:track)%00%(upstream:remotename)%00%(upstream:remoteref) refs/heads/main refs/remotes/main [1ms]
2025-07-04 18:39:27.527 [warning] [Git][revParse] Unable to read file: ENOENT: no such file or directory, open '/home/ionutcipriananescu/Developer/Web-Development-Bootcamp/.git/refs/remotes/origin/main'
2025-07-04 18:39:27.529 [info] > git rev-parse refs/remotes/origin/main [2ms]
2025-07-04 18:39:27.597 [info] > git for-each-ref --sort -committerdate --format %(refname)%00%(objectname)%00%(*objectname) [2ms]
2025-07-04 18:39:27.900 [info] > git status -z -uall [342ms]
