2025-07-04 18:04:06.171 [info] /home/ionutcipriananescu/.config/Code/User/settings.json closed
2025-07-04 18:04:10.167 [info] Active editor: file:///home/ionutcipriananescu/Developer/Web-Development-Bootcamp/Section%2024%3A%20Express.js%20with%20Node.js/3.4%20Middleware/index1.js
2025-07-04 18:04:33.029 [info] /home/ionutcipriananescu/Developer/Web-Development-Bootcamp/Section 24: Express.js with Node.js/3.4 Middleware/index1.js.git closed
2025-07-04 18:04:37.562 [info] /home/ionutcipriananescu/.config/Code/User/settings.json closed
2025-07-04 18:04:37.586 [info] Configuration changed
2025-07-04 18:04:39.813 [info] Active editor: file:///home/ionutcipriananescu/Developer/Web-Development-Bootcamp/Section%2024%3A%20Express.js%20with%20Node.js/3.4%20Middleware/index1.js
2025-07-04 18:05:03.031 [info] Active editor: vscode-userdata:/home/ionutcipriananescu/.config/Code/User/settings.json
2025-07-04 18:05:03.049 [info] /home/ionutcipriananescu/Developer/Web-Development-Bootcamp/Section 24: Express.js with Node.js/3.4 Middleware/index1.js.git closed
2025-07-04 18:08:03.199 [info] /schema.json closed
2025-07-04 18:08:08.621 [info] /home/ionutcipriananescu/Developer/Web-Development-Bootcamp/Section 24: Express.js with Node.js/3.4 Middleware/package.json closed
2025-07-04 18:08:08.718 [info] /home/ionutcipriananescu/Developer/Web-Development-Bootcamp/Section 23: Node.js/2.4 QR Code Project/package.json closed
2025-07-04 18:08:08.822 [info] /home/ionutcipriananescu/Developer/Web-Development-Bootcamp/Section 23: Node.js/2.3 NPM/package.json closed
2025-07-04 18:08:08.915 [info] /home/ionutcipriananescu/Developer/Web-Development-Bootcamp/Section 24: Express.js with Node.js/3.3 Postman/package.json closed
2025-07-04 18:08:09.009 [info] /home/ionutcipriananescu/Developer/Web-Development-Bootcamp/Section 24: Express.js with Node.js/3.2 HTTP Requests/package.json closed
2025-07-04 18:08:09.094 [info] /home/ionutcipriananescu/Developer/Web-Development-Bootcamp/Section 24: Express.js with Node.js/3.1 Express Server/package.json closed
2025-07-04 18:11:03.215 [info] /schema.json closed
2025-07-04 18:14:03.239 [info] /schema.json closed
2025-07-04 18:17:03.260 [info] /schema.json closed
2025-07-04 18:20:03.281 [info] /schema.json closed
2025-07-04 18:23:03.303 [info] /schema.json closed
2025-07-04 18:26:03.325 [info] /schema.json closed
2025-07-04 18:29:03.340 [info] /schema.json closed
2025-07-04 18:32:03.362 [info] /schema.json closed
2025-07-04 18:35:03.385 [info] /schema.json closed
2025-07-04 18:38:03.410 [info] /schema.json closed
