2025-07-04 18:03:58.128 [info] Reading sessions from keychain...
2025-07-04 18:03:58.128 [info] Getting sessions for all scopes...
2025-07-04 18:03:58.128 [info] Getting sessions for all scopes...
2025-07-04 18:03:58.128 [info] Getting sessions for all scopes...
2025-07-04 18:03:58.128 [info] Getting sessions for all scopes...
2025-07-04 18:03:58.128 [info] Getting sessions for all scopes...
2025-07-04 18:03:58.128 [info] Getting sessions for all scopes...
2025-07-04 18:03:58.128 [info] Getting sessions for all scopes...
2025-07-04 18:03:58.128 [info] Got stored sessions!
2025-07-04 18:03:58.128 [info] Got 3 verified sessions.
2025-07-04 18:03:58.128 [info] Got 3 sessions for ...
2025-07-04 18:03:58.128 [info] Got 3 sessions for ...
2025-07-04 18:03:58.128 [info] Got 3 sessions for ...
2025-07-04 18:03:58.128 [info] Got 3 sessions for ...
2025-07-04 18:03:58.128 [info] Got 3 sessions for ...
2025-07-04 18:03:58.128 [info] Got 3 sessions for ...
2025-07-04 18:03:58.128 [info] Got 3 sessions for ...
2025-07-04 18:03:58.128 [info] Getting sessions for all scopes...
2025-07-04 18:03:58.128 [info] Got 3 sessions for ...
2025-07-04 18:03:58.128 [info] Getting sessions for all scopes...
2025-07-04 18:03:58.128 [info] Got 3 sessions for ...
2025-07-04 18:03:58.128 [info] Getting sessions for all scopes...
2025-07-04 18:03:58.128 [info] Got 3 sessions for ...
2025-07-04 18:03:58.128 [info] Getting sessions for all scopes...
2025-07-04 18:03:58.128 [info] Got 3 sessions for ...
2025-07-04 18:03:58.128 [info] Getting sessions for all scopes...
2025-07-04 18:03:58.128 [info] Got 3 sessions for ...
2025-07-04 18:03:58.128 [info] Getting sessions for all scopes...
2025-07-04 18:03:58.128 [info] Got 3 sessions for ...
2025-07-04 18:03:58.128 [info] Getting sessions for all scopes...
2025-07-04 18:03:58.128 [info] Got 3 sessions for ...
2025-07-04 18:04:04.248 [info] Getting sessions for user:email...
2025-07-04 18:04:04.248 [info] Got 1 sessions for user:email...
2025-07-04 18:04:04.258 [info] Getting sessions for all scopes...
2025-07-04 18:04:04.258 [info] Got 3 sessions for ...
2025-07-04 18:04:04.270 [info] Getting sessions for read:org,user:email...
2025-07-04 18:04:04.270 [info] Got 1 sessions for read:org,user:email...
2025-07-04 18:04:04.420 [info] Getting sessions for all scopes...
2025-07-04 18:04:04.420 [info] Got 3 sessions for ...
2025-07-04 18:04:05.289 [info] Getting sessions for read:user,repo,user:email...
2025-07-04 18:04:05.289 [info] Got 1 sessions for read:user,repo,user:email...
2025-07-04 18:04:05.289 [info] Getting sessions for all scopes...
2025-07-04 18:04:05.289 [info] Got 3 sessions for ...
2025-07-04 18:04:05.289 [info] Getting sessions for all scopes...
2025-07-04 18:04:05.289 [info] Got 3 sessions for ...
2025-07-04 18:04:05.419 [info] Getting sessions for all scopes...
2025-07-04 18:04:05.419 [info] Got 3 sessions for ...
2025-07-04 18:04:05.727 [info] Getting sessions for all scopes...
2025-07-04 18:04:05.727 [info] Got 3 sessions for ...
2025-07-04 18:04:05.727 [info] Getting sessions for read:user,repo,user:email,workflow...
2025-07-04 18:04:05.727 [info] Got 0 sessions for read:user,repo,user:email,workflow...
2025-07-04 18:04:06.029 [info] Getting sessions for read:user,repo,user:email,workflow...
2025-07-04 18:04:06.030 [info] Got 0 sessions for read:user,repo,user:email,workflow...
2025-07-04 18:04:06.174 [info] Getting sessions for read:user...
2025-07-04 18:04:06.174 [info] Got 0 sessions for read:user...
2025-07-04 18:04:06.570 [info] Getting sessions for user:email...
2025-07-04 18:04:06.570 [info] Got 1 sessions for user:email...
2025-07-04 18:04:06.570 [info] Getting sessions for read:user,repo,user:email,workflow...
2025-07-04 18:04:06.570 [info] Got 0 sessions for read:user,repo,user:email,workflow...
2025-07-04 18:04:06.570 [info] Getting sessions for read:user,repo,user:email...
2025-07-04 18:04:06.570 [info] Got 1 sessions for read:user,repo,user:email...
2025-07-04 18:04:06.612 [info] Getting sessions for user:email...
2025-07-04 18:04:06.612 [info] Got 1 sessions for user:email...
2025-07-04 18:04:06.685 [info] Getting sessions for read:user,repo,user:email,workflow...
2025-07-04 18:04:06.685 [info] Got 0 sessions for read:user,repo,user:email,workflow...
2025-07-04 18:04:06.690 [info] Getting sessions for all scopes...
2025-07-04 18:04:06.691 [info] Got 3 sessions for ...
2025-07-04 18:04:06.691 [info] Getting sessions for all scopes...
2025-07-04 18:04:06.691 [info] Got 3 sessions for ...
2025-07-04 18:04:06.709 [info] Getting sessions for user:email...
2025-07-04 18:04:06.709 [info] Got 1 sessions for user:email...
2025-07-04 18:04:06.711 [info] Getting sessions for read:user,repo,user:email,workflow...
2025-07-04 18:04:06.711 [info] Got 0 sessions for read:user,repo,user:email,workflow...
2025-07-04 18:04:06.950 [info] Getting sessions for user:email...
2025-07-04 18:04:06.950 [info] Got 1 sessions for user:email...
2025-07-04 18:04:06.950 [info] Getting sessions for user:email...
2025-07-04 18:04:06.950 [info] Got 1 sessions for user:email...
2025-07-04 18:04:07.454 [info] Getting sessions for all scopes...
2025-07-04 18:04:07.454 [info] Got 3 sessions for ...
2025-07-04 18:04:07.455 [info] Getting sessions for read:user,repo,user:email,workflow...
2025-07-04 18:04:07.455 [info] Got 0 sessions for read:user,repo,user:email,workflow...
2025-07-04 18:04:07.456 [info] Getting sessions for read:user,repo,user:email,workflow...
2025-07-04 18:04:07.456 [info] Got 0 sessions for read:user,repo,user:email,workflow...
2025-07-04 18:04:07.458 [info] Getting sessions for all scopes...
2025-07-04 18:04:07.458 [info] Got 3 sessions for ...
2025-07-04 18:04:07.461 [info] Getting sessions for read:user,repo,user:email,workflow...
2025-07-04 18:04:07.461 [info] Got 0 sessions for read:user,repo,user:email,workflow...
2025-07-04 18:04:07.462 [info] Getting sessions for user:email...
2025-07-04 18:04:07.462 [info] Got 1 sessions for user:email...
2025-07-04 18:04:07.784 [info] Getting sessions for all scopes...
2025-07-04 18:04:07.784 [info] Got 3 sessions for ...
2025-07-04 18:04:07.784 [info] Getting sessions for all scopes...
2025-07-04 18:04:07.784 [info] Got 3 sessions for ...
2025-07-04 18:04:07.808 [info] Getting sessions for read:user,repo,user:email,workflow...
2025-07-04 18:04:07.808 [info] Got 0 sessions for read:user,repo,user:email,workflow...
2025-07-04 18:04:07.826 [info] Getting sessions for user:email...
2025-07-04 18:04:07.826 [info] Got 1 sessions for user:email...
2025-07-04 18:04:07.826 [info] Getting sessions for read:user,repo,user:email,workflow...
2025-07-04 18:04:07.826 [info] Got 0 sessions for read:user,repo,user:email,workflow...
2025-07-04 18:04:07.859 [info] Getting sessions for all scopes...
2025-07-04 18:04:07.859 [info] Got 3 sessions for ...
2025-07-04 18:04:07.896 [info] Getting sessions for read:user,repo,user:email,workflow...
2025-07-04 18:04:07.896 [info] Got 0 sessions for read:user,repo,user:email,workflow...
2025-07-04 18:04:07.914 [info] Getting sessions for user:email...
2025-07-04 18:04:07.914 [info] Got 1 sessions for user:email...
2025-07-04 18:04:08.045 [info] Getting sessions for all scopes...
2025-07-04 18:04:08.045 [info] Got 3 sessions for ...
2025-07-04 18:04:08.049 [info] Getting sessions for all scopes...
2025-07-04 18:04:08.049 [info] Got 3 sessions for ...
2025-07-04 18:04:08.052 [info] Getting sessions for read:user,repo,user:email,workflow...
2025-07-04 18:04:08.052 [info] Got 0 sessions for read:user,repo,user:email,workflow...
2025-07-04 18:04:08.054 [info] Getting sessions for user:email...
2025-07-04 18:04:08.054 [info] Got 1 sessions for user:email...
2025-07-04 18:04:08.054 [info] Getting sessions for read:user,repo,user:email,workflow...
2025-07-04 18:04:08.054 [info] Got 0 sessions for read:user,repo,user:email,workflow...
2025-07-04 18:04:08.060 [info] Getting sessions for all scopes...
2025-07-04 18:04:08.060 [info] Got 3 sessions for ...
2025-07-04 18:04:08.062 [info] Getting sessions for all scopes...
2025-07-04 18:04:08.062 [info] Got 3 sessions for ...
2025-07-04 18:04:08.062 [info] Getting sessions for all scopes...
2025-07-04 18:04:08.062 [info] Got 3 sessions for ...
2025-07-04 18:04:08.064 [info] Getting sessions for read:user,repo,user:email,workflow...
2025-07-04 18:04:08.064 [info] Got 0 sessions for read:user,repo,user:email,workflow...
2025-07-04 18:04:08.065 [info] Getting sessions for user:email...
2025-07-04 18:04:08.065 [info] Got 1 sessions for user:email...
2025-07-04 18:04:08.534 [info] Getting sessions for all scopes...
2025-07-04 18:04:08.534 [info] Got 3 sessions for ...
2025-07-04 18:04:08.541 [info] Getting sessions for read:user,repo,user:email,workflow...
2025-07-04 18:04:08.541 [info] Got 0 sessions for read:user,repo,user:email,workflow...
2025-07-04 18:04:08.543 [info] Getting sessions for user:email...
2025-07-04 18:04:08.543 [info] Got 1 sessions for user:email...
2025-07-04 18:04:09.055 [info] Getting sessions for all scopes...
2025-07-04 18:04:09.056 [info] Got 3 sessions for ...
2025-07-04 18:04:09.060 [info] Getting sessions for read:user,repo,user:email,workflow...
2025-07-04 18:04:09.060 [info] Got 0 sessions for read:user,repo,user:email,workflow...
2025-07-04 18:04:09.064 [info] Getting sessions for user:email...
2025-07-04 18:04:09.064 [info] Got 1 sessions for user:email...
2025-07-04 18:19:09.068 [info] Getting sessions for all scopes...
2025-07-04 18:19:09.068 [info] Got 3 sessions for ...
2025-07-04 18:19:09.070 [info] Getting sessions for read:user,repo,user:email,workflow...
2025-07-04 18:19:09.070 [info] Got 0 sessions for read:user,repo,user:email,workflow...
2025-07-04 18:19:09.072 [info] Getting sessions for user:email...
2025-07-04 18:19:09.072 [info] Got 1 sessions for user:email...
2025-07-04 18:34:09.077 [info] Getting sessions for all scopes...
2025-07-04 18:34:09.077 [info] Got 3 sessions for ...
2025-07-04 18:34:09.079 [info] Getting sessions for read:user,repo,user:email,workflow...
2025-07-04 18:34:09.079 [info] Got 0 sessions for read:user,repo,user:email,workflow...
2025-07-04 18:34:09.081 [info] Getting sessions for user:email...
2025-07-04 18:34:09.081 [info] Got 1 sessions for user:email...
2025-07-04 18:34:09.082 [info] Getting sessions for all scopes...
2025-07-04 18:34:09.082 [info] Got 3 sessions for ...
2025-07-04 18:34:09.084 [info] Getting sessions for read:user,repo,user:email,workflow...
2025-07-04 18:34:09.084 [info] Got 0 sessions for read:user,repo,user:email,workflow...
2025-07-04 18:34:09.085 [info] Getting sessions for user:email...
2025-07-04 18:34:09.085 [info] Got 1 sessions for user:email...
2025-07-04 18:34:09.966 [info] Getting sessions for all scopes...
2025-07-04 18:34:09.966 [info] Got 3 sessions for ...
2025-07-04 18:34:09.966 [info] Getting sessions for all scopes...
2025-07-04 18:34:09.966 [info] Got 3 sessions for ...
2025-07-04 18:34:09.968 [info] Getting sessions for read:user,repo,user:email,workflow...
2025-07-04 18:34:09.968 [info] Got 0 sessions for read:user,repo,user:email,workflow...
2025-07-04 18:34:09.969 [info] Getting sessions for user:email...
2025-07-04 18:34:09.969 [info] Got 1 sessions for user:email...
2025-07-04 18:34:09.969 [info] Getting sessions for read:user,repo,user:email,workflow...
2025-07-04 18:34:09.969 [info] Got 0 sessions for read:user,repo,user:email,workflow...
2025-07-04 18:34:09.970 [info] Getting sessions for all scopes...
2025-07-04 18:34:09.970 [info] Got 3 sessions for ...
2025-07-04 18:34:09.971 [info] Getting sessions for read:user,repo,user:email,workflow...
2025-07-04 18:34:09.971 [info] Got 0 sessions for read:user,repo,user:email,workflow...
2025-07-04 18:34:09.972 [info] Getting sessions for user:email...
2025-07-04 18:34:09.972 [info] Got 1 sessions for user:email...
2025-07-04 18:34:09.977 [info] Getting sessions for all scopes...
2025-07-04 18:34:09.977 [info] Got 3 sessions for ...
2025-07-04 18:34:10.001 [info] Getting sessions for all scopes...
2025-07-04 18:34:10.001 [info] Got 3 sessions for ...
2025-07-04 18:34:10.005 [info] Getting sessions for read:user,repo,user:email,workflow...
2025-07-04 18:34:10.005 [info] Got 0 sessions for read:user,repo,user:email,workflow...
2025-07-04 18:34:10.006 [info] Getting sessions for user:email...
2025-07-04 18:34:10.006 [info] Got 1 sessions for user:email...
2025-07-04 18:34:10.006 [info] Getting sessions for read:user,repo,user:email,workflow...
2025-07-04 18:34:10.006 [info] Got 0 sessions for read:user,repo,user:email,workflow...
2025-07-04 18:34:10.010 [info] Getting sessions for all scopes...
2025-07-04 18:34:10.010 [info] Got 3 sessions for ...
2025-07-04 18:34:10.011 [info] Getting sessions for read:user,repo,user:email,workflow...
2025-07-04 18:34:10.011 [info] Got 0 sessions for read:user,repo,user:email,workflow...
2025-07-04 18:34:10.012 [info] Getting sessions for user:email...
2025-07-04 18:34:10.012 [info] Got 1 sessions for user:email...
2025-07-04 18:34:10.437 [info] Getting sessions for all scopes...
2025-07-04 18:34:10.437 [info] Got 3 sessions for ...
2025-07-04 18:34:10.439 [info] Getting sessions for read:user,repo,user:email,workflow...
2025-07-04 18:34:10.439 [info] Got 0 sessions for read:user,repo,user:email,workflow...
2025-07-04 18:34:10.440 [info] Getting sessions for user:email...
2025-07-04 18:34:10.440 [info] Got 1 sessions for user:email...
