2025-07-04 18:39:41.595 [info] Reading sessions from keychain...
2025-07-04 18:39:41.595 [info] Getting sessions for all scopes...
2025-07-04 18:39:41.595 [info] Getting sessions for all scopes...
2025-07-04 18:39:41.595 [info] Getting sessions for all scopes...
2025-07-04 18:39:41.595 [info] Getting sessions for all scopes...
2025-07-04 18:39:41.595 [info] Getting sessions for all scopes...
2025-07-04 18:39:41.595 [info] Getting sessions for all scopes...
2025-07-04 18:39:41.595 [info] Getting sessions for all scopes...
2025-07-04 18:39:41.595 [info] Got stored sessions!
2025-07-04 18:39:41.595 [info] Got 3 verified sessions.
2025-07-04 18:39:41.595 [info] Got 3 sessions for ...
2025-07-04 18:39:41.595 [info] Got 3 sessions for ...
2025-07-04 18:39:41.595 [info] Got 3 sessions for ...
2025-07-04 18:39:41.595 [info] Got 3 sessions for ...
2025-07-04 18:39:41.595 [info] Got 3 sessions for ...
2025-07-04 18:39:41.595 [info] Got 3 sessions for ...
2025-07-04 18:39:41.595 [info] Got 3 sessions for ...
2025-07-04 18:39:41.604 [info] Getting sessions for all scopes...
2025-07-04 18:39:41.604 [info] Got 3 sessions for ...
2025-07-04 18:39:41.604 [info] Getting sessions for all scopes...
2025-07-04 18:39:41.604 [info] Got 3 sessions for ...
2025-07-04 18:39:41.604 [info] Getting sessions for all scopes...
2025-07-04 18:39:41.604 [info] Got 3 sessions for ...
2025-07-04 18:39:41.605 [info] Getting sessions for all scopes...
2025-07-04 18:39:41.605 [info] Got 3 sessions for ...
2025-07-04 18:39:41.605 [info] Getting sessions for all scopes...
2025-07-04 18:39:41.605 [info] Got 3 sessions for ...
2025-07-04 18:39:41.605 [info] Getting sessions for all scopes...
2025-07-04 18:39:41.605 [info] Got 3 sessions for ...
2025-07-04 18:39:41.858 [info] Getting sessions for all scopes...
2025-07-04 18:39:41.858 [info] Got 3 sessions for ...
2025-07-04 18:39:47.999 [info] Getting sessions for user:email...
2025-07-04 18:39:47.999 [info] Got 1 sessions for user:email...
2025-07-04 18:39:48.140 [info] Getting sessions for all scopes...
2025-07-04 18:39:48.140 [info] Got 3 sessions for ...
2025-07-04 18:39:48.149 [info] Getting sessions for read:org,user:email...
2025-07-04 18:39:48.149 [info] Got 1 sessions for read:org,user:email...
2025-07-04 18:39:48.285 [info] Getting sessions for all scopes...
2025-07-04 18:39:48.286 [info] Got 3 sessions for ...
2025-07-04 18:39:48.775 [info] Getting sessions for all scopes...
2025-07-04 18:39:48.775 [info] Got 3 sessions for ...
2025-07-04 18:39:48.775 [info] Getting sessions for all scopes...
2025-07-04 18:39:48.775 [info] Got 3 sessions for ...
2025-07-04 18:39:48.913 [info] Getting sessions for read:user,repo,user:email...
2025-07-04 18:39:48.913 [info] Got 1 sessions for read:user,repo,user:email...
2025-07-04 18:39:49.018 [info] Getting sessions for all scopes...
2025-07-04 18:39:49.018 [info] Got 3 sessions for ...
2025-07-04 18:39:49.271 [info] Getting sessions for all scopes...
2025-07-04 18:39:49.271 [info] Got 3 sessions for ...
2025-07-04 18:39:49.271 [info] Getting sessions for read:user,repo,user:email,workflow...
2025-07-04 18:39:49.271 [info] Got 0 sessions for read:user,repo,user:email,workflow...
2025-07-04 18:39:49.486 [info] Getting sessions for read:user,repo,user:email,workflow...
2025-07-04 18:39:49.486 [info] Got 0 sessions for read:user,repo,user:email,workflow...
2025-07-04 18:39:49.745 [info] Getting sessions for read:user...
2025-07-04 18:39:49.745 [info] Got 0 sessions for read:user...
2025-07-04 18:39:49.757 [info] Getting sessions for user:email...
2025-07-04 18:39:49.757 [info] Got 1 sessions for user:email...
2025-07-04 18:39:49.757 [info] Getting sessions for read:user,repo,user:email,workflow...
2025-07-04 18:39:49.757 [info] Got 0 sessions for read:user,repo,user:email,workflow...
2025-07-04 18:39:50.163 [info] Getting sessions for read:user,repo,user:email...
2025-07-04 18:39:50.163 [info] Got 1 sessions for read:user,repo,user:email...
