2025-07-04 17:07:31.665 [info] [AutoSync] Using settings sync service https://vscode-sync.trafficmanager.net/
2025-07-04 17:07:31.665 [info] [AutoSync] Enabled.
2025-07-04 17:07:31.665 [info] [AutoSync] Suspended until auth token is available.
2025-07-04 17:07:36.128 [info] [AutoSync] Triggered by Interval
2025-07-04 17:07:36.129 [info] Sync started.
2025-07-04 17:07:36.611 [info] Settings: No changes found during synchronizing settings.
2025-07-04 17:07:36.628 [info] Keybindings: No changes found during synchronizing keybindings.
2025-07-04 17:07:36.632 [info] Snippets: No changes found during synchronizing snippets.
2025-07-04 17:07:36.635 [info] Tasks: No changes found during synchronizing tasks.
2025-07-04 17:07:37.325 [info] GlobalState: Updated remote ui state. Updated: workbench.activity.pinnedViewlets2.
2025-07-04 17:07:37.334 [info] GlobalState: Updated last synchronized ui state
2025-07-04 17:07:37.410 [info] Extensions: No changes found during synchronizing extensions.
2025-07-04 17:07:37.413 [info] Prompts: No changes found during synchronizing prompts.
2025-07-04 17:07:37.416 [info] Profiles: No changes found during synchronizing profiles.
2025-07-04 17:07:37.417 [info] Sync done. Took 1291ms
2025-07-04 17:09:29.969 [info] [AutoSync] Triggered by Activity
2025-07-04 17:09:29.969 [info] Sync started.
2025-07-04 17:09:30.047 [info] Settings: No changes found during synchronizing settings.
2025-07-04 17:09:30.051 [info] Keybindings: No changes found during synchronizing keybindings.
2025-07-04 17:09:30.057 [info] Snippets: No changes found during synchronizing snippets.
2025-07-04 17:09:30.061 [info] Tasks: No changes found during synchronizing tasks.
2025-07-04 17:09:30.069 [info] GlobalState: No changes found during synchronizing ui state.
2025-07-04 17:09:30.198 [info] Extensions: No changes found during synchronizing extensions.
2025-07-04 17:09:30.202 [info] Prompts: No changes found during synchronizing prompts.
2025-07-04 17:09:30.203 [info] Profiles: No changes found during synchronizing profiles.
2025-07-04 17:09:30.205 [info] Sync done. Took 237ms
2025-07-04 17:09:46.161 [info] [AutoSync] Triggered by Activity
2025-07-04 17:09:46.161 [info] Sync started.
2025-07-04 17:09:46.246 [info] Settings: No changes found during synchronizing settings.
2025-07-04 17:09:46.251 [info] Keybindings: No changes found during synchronizing keybindings.
2025-07-04 17:09:46.256 [info] Snippets: No changes found during synchronizing snippets.
2025-07-04 17:09:46.261 [info] Tasks: No changes found during synchronizing tasks.
2025-07-04 17:09:46.272 [info] GlobalState: No changes found during synchronizing ui state.
2025-07-04 17:09:46.395 [info] Extensions: No changes found during synchronizing extensions.
2025-07-04 17:09:46.398 [info] Prompts: No changes found during synchronizing prompts.
2025-07-04 17:09:46.399 [info] Profiles: No changes found during synchronizing profiles.
2025-07-04 17:09:46.401 [info] Sync done. Took 242ms
2025-07-04 17:10:05.718 [info] [AutoSync] Triggered by Activity
2025-07-04 17:10:05.718 [info] Sync started.
2025-07-04 17:10:05.819 [info] Settings: No changes found during synchronizing settings.
2025-07-04 17:10:05.824 [info] Keybindings: No changes found during synchronizing keybindings.
2025-07-04 17:10:05.829 [info] Snippets: No changes found during synchronizing snippets.
2025-07-04 17:10:05.833 [info] Tasks: No changes found during synchronizing tasks.
2025-07-04 17:10:05.844 [info] GlobalState: No changes found during synchronizing ui state.
2025-07-04 17:10:05.977 [info] Extensions: No changes found during synchronizing extensions.
2025-07-04 17:10:05.984 [info] Prompts: No changes found during synchronizing prompts.
2025-07-04 17:10:05.986 [info] Profiles: No changes found during synchronizing profiles.
2025-07-04 17:10:05.988 [info] Sync done. Took 272ms
2025-07-04 17:11:08.181 [info] [AutoSync] Triggered by Activity
2025-07-04 17:11:08.181 [info] Sync started.
2025-07-04 17:11:08.244 [info] Settings: No changes found during synchronizing settings.
2025-07-04 17:11:08.250 [info] Keybindings: No changes found during synchronizing keybindings.
2025-07-04 17:11:08.254 [info] Snippets: No changes found during synchronizing snippets.
2025-07-04 17:11:08.257 [info] Tasks: No changes found during synchronizing tasks.
2025-07-04 17:11:08.263 [info] GlobalState: No changes found during synchronizing ui state.
2025-07-04 17:11:08.379 [info] Extensions: No changes found during synchronizing extensions.
2025-07-04 17:11:08.382 [info] Prompts: No changes found during synchronizing prompts.
2025-07-04 17:11:08.384 [info] Profiles: No changes found during synchronizing profiles.
2025-07-04 17:11:08.386 [info] Sync done. Took 205ms
2025-07-04 17:12:13.063 [info] [AutoSync] Triggered by Activity
2025-07-04 17:12:13.064 [info] Sync started.
2025-07-04 17:12:13.164 [info] Settings: No changes found during synchronizing settings.
2025-07-04 17:12:13.169 [info] Keybindings: No changes found during synchronizing keybindings.
2025-07-04 17:12:13.174 [info] Snippets: No changes found during synchronizing snippets.
2025-07-04 17:12:13.178 [info] Tasks: No changes found during synchronizing tasks.
2025-07-04 17:12:13.189 [info] GlobalState: No changes found during synchronizing ui state.
2025-07-04 17:12:13.315 [info] Extensions: No changes found during synchronizing extensions.
2025-07-04 17:12:13.318 [info] Prompts: No changes found during synchronizing prompts.
2025-07-04 17:12:13.320 [info] Profiles: No changes found during synchronizing profiles.
2025-07-04 17:12:13.321 [info] Sync done. Took 259ms
2025-07-04 17:12:59.646 [info] [AutoSync] Triggered by Activity
2025-07-04 17:12:59.646 [info] Sync started.
2025-07-04 17:12:59.726 [info] Settings: No changes found during synchronizing settings.
2025-07-04 17:12:59.732 [info] Keybindings: No changes found during synchronizing keybindings.
2025-07-04 17:12:59.736 [info] Snippets: No changes found during synchronizing snippets.
2025-07-04 17:12:59.740 [info] Tasks: No changes found during synchronizing tasks.
2025-07-04 17:12:59.746 [info] GlobalState: No changes found during synchronizing ui state.
2025-07-04 17:12:59.871 [info] Extensions: No changes found during synchronizing extensions.
2025-07-04 17:12:59.874 [info] Prompts: No changes found during synchronizing prompts.
2025-07-04 17:12:59.876 [info] Profiles: No changes found during synchronizing profiles.
2025-07-04 17:12:59.877 [info] Sync done. Took 232ms
2025-07-04 17:13:37.932 [info] [AutoSync] Triggered by Activity
2025-07-04 17:13:37.933 [info] Sync started.
2025-07-04 17:13:38.028 [info] Settings: No changes found during synchronizing settings.
2025-07-04 17:13:38.034 [info] Keybindings: No changes found during synchronizing keybindings.
2025-07-04 17:13:38.040 [info] Snippets: No changes found during synchronizing snippets.
2025-07-04 17:13:38.045 [info] Tasks: No changes found during synchronizing tasks.
2025-07-04 17:13:38.056 [info] GlobalState: No changes found during synchronizing ui state.
2025-07-04 17:13:38.159 [info] Extensions: No changes found during synchronizing extensions.
2025-07-04 17:13:38.171 [info] Prompts: No changes found during synchronizing prompts.
2025-07-04 17:13:38.173 [info] Profiles: No changes found during synchronizing profiles.
2025-07-04 17:13:38.176 [info] Sync done. Took 244ms
2025-07-04 17:13:50.720 [info] [AutoSync] Triggered by Activity
2025-07-04 17:13:50.721 [info] Sync started.
2025-07-04 17:13:50.806 [info] Settings: No changes found during synchronizing settings.
2025-07-04 17:13:50.810 [info] Keybindings: No changes found during synchronizing keybindings.
2025-07-04 17:13:50.816 [info] Snippets: No changes found during synchronizing snippets.
2025-07-04 17:13:50.821 [info] Tasks: No changes found during synchronizing tasks.
2025-07-04 17:13:50.830 [info] GlobalState: No changes found during synchronizing ui state.
2025-07-04 17:13:50.936 [info] Extensions: No changes found during synchronizing extensions.
2025-07-04 17:13:50.939 [info] Prompts: No changes found during synchronizing prompts.
2025-07-04 17:13:50.941 [info] Profiles: No changes found during synchronizing profiles.
2025-07-04 17:13:50.942 [info] Sync done. Took 222ms
2025-07-04 17:18:15.629 [info] [AutoSync] Triggered by Activity
2025-07-04 17:18:15.630 [info] Sync started.
2025-07-04 17:18:15.895 [info] Settings: No changes found during synchronizing settings.
2025-07-04 17:18:15.898 [info] Keybindings: No changes found during synchronizing keybindings.
2025-07-04 17:18:15.900 [info] Snippets: No changes found during synchronizing snippets.
2025-07-04 17:18:15.902 [info] Tasks: No changes found during synchronizing tasks.
2025-07-04 17:18:15.908 [info] GlobalState: No changes found during synchronizing ui state.
2025-07-04 17:18:16.011 [info] Extensions: No changes found during synchronizing extensions.
2025-07-04 17:18:16.013 [info] Prompts: No changes found during synchronizing prompts.
2025-07-04 17:18:16.014 [info] Profiles: No changes found during synchronizing profiles.
2025-07-04 17:18:16.015 [info] Sync done. Took 386ms
2025-07-04 17:19:30.672 [info] [AutoSync] Triggered by Activity
2025-07-04 17:19:30.673 [info] Sync started.
2025-07-04 17:19:30.739 [info] Settings: No changes found during synchronizing settings.
2025-07-04 17:19:30.743 [info] Keybindings: No changes found during synchronizing keybindings.
2025-07-04 17:19:30.746 [info] Snippets: No changes found during synchronizing snippets.
2025-07-04 17:19:30.749 [info] Tasks: No changes found during synchronizing tasks.
2025-07-04 17:19:30.753 [info] GlobalState: No changes found during synchronizing ui state.
2025-07-04 17:19:30.835 [info] Extensions: No changes found during synchronizing extensions.
2025-07-04 17:19:30.844 [info] Prompts: No changes found during synchronizing prompts.
2025-07-04 17:19:30.845 [info] Profiles: No changes found during synchronizing profiles.
2025-07-04 17:19:30.846 [info] Sync done. Took 174ms
2025-07-04 17:24:24.072 [info] [AutoSync] Triggered by Activity
2025-07-04 17:24:24.072 [info] Sync started.
2025-07-04 17:24:24.278 [info] Settings: No changes found during synchronizing settings.
2025-07-04 17:24:24.282 [info] Keybindings: No changes found during synchronizing keybindings.
2025-07-04 17:24:24.285 [info] Snippets: No changes found during synchronizing snippets.
2025-07-04 17:24:24.288 [info] Tasks: No changes found during synchronizing tasks.
2025-07-04 17:24:24.301 [info] GlobalState: No changes found during synchronizing ui state.
2025-07-04 17:24:24.388 [info] Extensions: No changes found during synchronizing extensions.
2025-07-04 17:24:24.390 [info] Prompts: No changes found during synchronizing prompts.
2025-07-04 17:24:24.391 [info] Profiles: No changes found during synchronizing profiles.
2025-07-04 17:24:24.392 [info] Sync done. Took 320ms
2025-07-04 17:24:42.905 [info] [AutoSync] Triggered by Activity
2025-07-04 17:24:42.905 [info] Sync started.
2025-07-04 17:24:42.976 [info] Settings: No changes found during synchronizing settings.
2025-07-04 17:24:42.978 [info] Keybindings: No changes found during synchronizing keybindings.
2025-07-04 17:24:42.980 [info] Snippets: No changes found during synchronizing snippets.
2025-07-04 17:24:42.981 [info] Tasks: No changes found during synchronizing tasks.
2025-07-04 17:24:42.985 [info] GlobalState: No changes found during synchronizing ui state.
2025-07-04 17:24:43.046 [info] Extensions: No changes found during synchronizing extensions.
2025-07-04 17:24:43.048 [info] Prompts: No changes found during synchronizing prompts.
2025-07-04 17:24:43.048 [info] Profiles: No changes found during synchronizing profiles.
2025-07-04 17:24:43.049 [info] Sync done. Took 146ms
2025-07-04 17:26:06.176 [info] [AutoSync] Triggered by Activity
2025-07-04 17:26:06.176 [info] Sync started.
2025-07-04 17:26:06.251 [info] Settings: No changes found during synchronizing settings.
2025-07-04 17:26:06.255 [info] Keybindings: No changes found during synchronizing keybindings.
2025-07-04 17:26:06.259 [info] Snippets: No changes found during synchronizing snippets.
2025-07-04 17:26:06.263 [info] Tasks: No changes found during synchronizing tasks.
2025-07-04 17:26:06.273 [info] GlobalState: No changes found during synchronizing ui state.
2025-07-04 17:26:06.348 [info] Extensions: No changes found during synchronizing extensions.
2025-07-04 17:26:06.355 [info] Prompts: No changes found during synchronizing prompts.
2025-07-04 17:26:06.356 [info] Profiles: No changes found during synchronizing profiles.
2025-07-04 17:26:06.357 [info] Sync done. Took 183ms
2025-07-04 17:26:20.447 [info] [AutoSync] Triggered by Activity
2025-07-04 17:26:20.447 [info] Sync started.
2025-07-04 17:26:20.895 [info] Settings: Updated remote settings
2025-07-04 17:26:20.903 [info] Settings: Updated last synchronized settings
2025-07-04 17:26:20.907 [info] Keybindings: No changes found during synchronizing keybindings.
2025-07-04 17:26:20.911 [info] Snippets: No changes found during synchronizing snippets.
2025-07-04 17:26:20.915 [info] Tasks: No changes found during synchronizing tasks.
2025-07-04 17:26:20.924 [info] GlobalState: No changes found during synchronizing ui state.
2025-07-04 17:26:21.000 [info] Extensions: No changes found during synchronizing extensions.
2025-07-04 17:26:21.003 [info] Prompts: No changes found during synchronizing prompts.
2025-07-04 17:26:21.004 [info] Profiles: No changes found during synchronizing profiles.
2025-07-04 17:26:21.005 [info] Sync done. Took 559ms
2025-07-04 17:26:23.528 [info] [AutoSync] Triggered by Activity
2025-07-04 17:26:23.528 [info] Sync started.
2025-07-04 17:26:23.595 [info] Settings: No changes found during synchronizing settings.
2025-07-04 17:26:23.598 [info] Keybindings: No changes found during synchronizing keybindings.
2025-07-04 17:26:23.600 [info] Snippets: No changes found during synchronizing snippets.
2025-07-04 17:26:23.604 [info] Tasks: No changes found during synchronizing tasks.
2025-07-04 17:26:23.608 [info] GlobalState: No changes found during synchronizing ui state.
2025-07-04 17:26:23.669 [info] Extensions: No changes found during synchronizing extensions.
2025-07-04 17:26:23.679 [info] Prompts: No changes found during synchronizing prompts.
2025-07-04 17:26:23.680 [info] Profiles: No changes found during synchronizing profiles.
2025-07-04 17:26:23.681 [info] Sync done. Took 154ms
