2025-07-04 13:20:04.343 [info] [main] Log level: Info
2025-07-04 13:20:04.343 [info] [main] Validating found git in: "git"
2025-07-04 13:20:04.343 [info] [main] Using git "2.50.0" from "git"
2025-07-04 13:20:04.343 [info] [Model][doInitialScan] Initial repository scan started
2025-07-04 13:20:04.343 [info] [Model][doInitialScan] Initial repository scan completed - repositories (0), closed repositories (0), parent repositories (0), unsafe repositories (0)
2025-07-04 13:38:05.638 [info] [main] Log level: Info
2025-07-04 13:38:05.638 [info] [main] Validating found git in: "git"
2025-07-04 13:38:05.638 [info] [main] Using git "2.50.0" from "git"
2025-07-04 13:38:05.638 [info] [Model][doInitialScan] Initial repository scan started
2025-07-04 13:38:05.638 [info] > git rev-parse --show-toplevel [1058ms]
2025-07-04 13:38:05.638 [info] fatal: not a git repository (or any of the parent directories): .git
2025-07-04 13:38:05.659 [info] > git rev-parse --show-toplevel [157ms]
2025-07-04 13:38:05.709 [info] > git rev-parse --git-dir --git-common-dir [24ms]
2025-07-04 13:38:05.744 [info] [Model][openRepository] Opened repository (path): /home/ionutcipriananescu/Developer/Web-Development-Bootcamp
2025-07-04 13:38:05.745 [info] [Model][openRepository] Opened repository (real path): /home/ionutcipriananescu/Developer/Web-Development-Bootcamp
2025-07-04 13:38:05.747 [info] [Model][doInitialScan] Initial repository scan completed - repositories (1), closed repositories (0), parent repositories (0), unsafe repositories (0)
2025-07-04 13:38:05.849 [info] > git config --get commit.template [75ms]
2025-07-04 13:38:06.173 [info] > git for-each-ref --format=%(refname)%00%(upstream:short)%00%(objectname)%00%(upstream:track)%00%(upstream:remotename)%00%(upstream:remoteref) refs/heads/main refs/remotes/main [287ms]
2025-07-04 13:38:06.222 [warning] [Git][revParse] Unable to read file: ENOENT: no such file or directory, open '/home/ionutcipriananescu/Developer/Web-Development-Bootcamp/.git/refs/remotes/origin/main'
2025-07-04 13:38:06.231 [info] > git rev-parse refs/remotes/origin/main [9ms]
2025-07-04 13:38:06.303 [info] > git fetch [559ms]
2025-07-04 13:38:06.304 [info] > git for-each-ref --sort -committerdate --format %(refname)%00%(objectname)%00%(*objectname) [1ms] (cancelled)
2025-07-04 13:38:07.572 [info] > git status -z -uall [1307ms] (cancelled)
2025-07-04 13:38:07.572 [info] > git check-ignore -v -z --stdin [1200ms]
2025-07-04 13:38:07.574 [info] > git for-each-ref --format=%(refname)%00%(upstream:short)%00%(objectname)%00%(upstream:track)%00%(upstream:remotename)%00%(upstream:remoteref) refs/heads/main refs/remotes/main [1240ms]
2025-07-04 13:38:07.640 [info] > git config --get --local branch.main.vscode-merge-base [31ms]
2025-07-04 13:38:07.640 [warning] [Git][config] git config failed: Failed to execute git
2025-07-04 13:38:07.673 [info] > git config --get commit.template [106ms]
2025-07-04 13:38:07.673 [info] > git config --get commit.template [133ms]
2025-07-04 13:38:07.684 [info] > git reflog main --grep-reflog=branch: Created from *. [11ms]
2025-07-04 13:38:07.810 [info] > git symbolic-ref --short refs/remotes/origin/HEAD [100ms]
2025-07-04 13:38:07.885 [info] > git for-each-ref --format=%(refname)%00%(upstream:short)%00%(objectname)%00%(upstream:track)%00%(upstream:remotename)%00%(upstream:remoteref) refs/heads/origin/main refs/remotes/origin/main [48ms]
2025-07-04 13:38:07.913 [info] > git for-each-ref --format=%(refname)%00%(upstream:short)%00%(objectname)%00%(upstream:track)%00%(upstream:remotename)%00%(upstream:remoteref) refs/heads/main refs/remotes/main [115ms]
2025-07-04 13:38:07.913 [info] > git for-each-ref --format=%(refname)%00%(upstream:short)%00%(objectname)%00%(upstream:track)%00%(upstream:remotename)%00%(upstream:remoteref) refs/heads/main refs/remotes/main [149ms]
2025-07-04 13:38:07.951 [warning] [Git][revParse] Unable to read file: ENOENT: no such file or directory, open '/home/ionutcipriananescu/Developer/Web-Development-Bootcamp/.git/refs/remotes/origin/main'
2025-07-04 13:38:07.988 [warning] [Git][revParse] Unable to read file: ENOENT: no such file or directory, open '/home/ionutcipriananescu/Developer/Web-Development-Bootcamp/.git/refs/remotes/origin/main'
2025-07-04 13:38:07.998 [info] > git config --add --local branch.main.vscode-merge-base origin/main [85ms]
2025-07-04 13:38:08.035 [info] > git rev-parse refs/remotes/origin/main [47ms]
2025-07-04 13:38:08.067 [info] > git rev-parse refs/remotes/origin/main [116ms]
2025-07-04 13:38:08.176 [info] > git for-each-ref --format=%(refname)%00%(upstream:short)%00%(objectname)%00%(upstream:track)%00%(upstream:remotename)%00%(upstream:remoteref) refs/heads/main refs/remotes/main [74ms]
2025-07-04 13:38:08.208 [info] > git for-each-ref --format=%(refname)%00%(upstream:short)%00%(objectname)%00%(upstream:track)%00%(upstream:remotename)%00%(upstream:remoteref) refs/heads/main refs/remotes/main [143ms]
2025-07-04 13:38:08.209 [info] > git config --get commit.template [177ms]
2025-07-04 13:38:08.210 [info] > git config --get --local branch.main.vscode-merge-base [3ms]
2025-07-04 13:38:08.399 [info] > git for-each-ref --format=%(refname)%00%(upstream:short)%00%(objectname)%00%(upstream:track)%00%(upstream:remotename)%00%(upstream:remoteref) refs/heads/origin/main refs/remotes/origin/main [121ms]
2025-07-04 13:38:08.427 [info] > git config --get --local branch.main.vscode-merge-base [184ms]
2025-07-04 13:38:08.495 [info] > git for-each-ref --format=%(refname)%00%(upstream:short)%00%(objectname)%00%(upstream:track)%00%(upstream:remotename)%00%(upstream:remoteref) refs/heads/origin/main refs/remotes/origin/main [31ms]
2025-07-04 13:38:08.522 [info] > git merge-base refs/heads/main refs/remotes/origin/main [96ms]
2025-07-04 13:38:08.550 [info] > git for-each-ref --format=%(refname)%00%(upstream:short)%00%(objectname)%00%(upstream:track)%00%(upstream:remotename)%00%(upstream:remoteref) refs/heads/main refs/remotes/main [242ms]
2025-07-04 13:38:08.580 [warning] [Git][revParse] Unable to read file: ENOENT: no such file or directory, open '/home/ionutcipriananescu/Developer/Web-Development-Bootcamp/.git/refs/remotes/origin/main'
2025-07-04 13:38:08.581 [info] > git check-ignore -v -z --stdin [91ms]
2025-07-04 13:38:08.581 [info] > git diff --name-status -z --diff-filter=ADMR ba47c2770f9449be2b3eff23cfe45507c8570422...refs/remotes/origin/main [32ms]
2025-07-04 13:38:08.582 [info] > git merge-base refs/heads/main refs/remotes/origin/main [60ms]
2025-07-04 13:38:08.629 [info] > git diff --name-status -z --diff-filter=ADMR ba47c2770f9449be2b3eff23cfe45507c8570422...refs/remotes/origin/main [19ms]
2025-07-04 13:38:08.630 [info] > git rev-parse refs/remotes/origin/main [50ms]
2025-07-04 13:38:08.754 [info] > git for-each-ref --sort -committerdate --format %(refname)%00%(objectname)%00%(*objectname) [59ms]
2025-07-04 13:38:09.073 [info] > git status -z -uall [415ms]
2025-07-04 13:38:09.120 [info] > git config --get commit.template [7ms]
2025-07-04 13:38:09.153 [info] > git for-each-ref --format=%(refname)%00%(upstream:short)%00%(objectname)%00%(upstream:track)%00%(upstream:remotename)%00%(upstream:remoteref) refs/heads/main refs/remotes/main [2ms]
2025-07-04 13:38:09.211 [warning] [Git][revParse] Unable to read file: ENOENT: no such file or directory, open '/home/ionutcipriananescu/Developer/Web-Development-Bootcamp/.git/refs/remotes/origin/main'
2025-07-04 13:38:09.220 [info] > git rev-parse refs/remotes/origin/main [9ms]
2025-07-04 13:38:09.280 [info] > git for-each-ref --sort -committerdate --format %(refname)%00%(objectname)%00%(*objectname) [5ms]
2025-07-04 13:38:09.634 [info] > git status -z -uall [387ms]
2025-07-04 13:38:10.384 [info] > git check-ignore -v -z --stdin [3ms]
2025-07-04 13:38:13.638 [info] > git check-ignore -v -z --stdin [939ms]
2025-07-04 13:38:19.521 [info] > git show --textconv :Section 24: Express.js with Node.js/3.4 Middleware/index1.js [54ms]
2025-07-04 13:38:19.607 [info] > git ls-files --stage -- Section 24: Express.js with Node.js/3.4 Middleware/index1.js [105ms]
2025-07-04 13:38:19.646 [info] > git cat-file -s abcc666ab10e184635152e572fffc6d851d9b2e4 [7ms]
2025-07-04 13:42:58.717 [info] > git config --get commit.template [40ms]
2025-07-04 13:42:58.717 [info] > git ls-files --stage -- Section 24: Express.js with Node.js/3.4 Middleware/index1.js [2ms]
2025-07-04 13:42:58.775 [info] > git cat-file -s abcc666ab10e184635152e572fffc6d851d9b2e4 [30ms]
2025-07-04 13:42:58.776 [info] > git for-each-ref --format=%(refname)%00%(upstream:short)%00%(objectname)%00%(upstream:track)%00%(upstream:remotename)%00%(upstream:remoteref) refs/heads/main refs/remotes/main [2ms]
2025-07-04 13:42:58.812 [warning] [Git][revParse] Unable to read file: ENOENT: no such file or directory, open '/home/ionutcipriananescu/Developer/Web-Development-Bootcamp/.git/refs/remotes/origin/main'
2025-07-04 13:42:58.852 [info] > git rev-parse refs/remotes/origin/main [39ms]
2025-07-04 13:42:58.917 [info] > git show --textconv :Section 24: Express.js with Node.js/3.4 Middleware/index1.js [66ms]
2025-07-04 13:42:58.918 [info] > git for-each-ref --sort -committerdate --format %(refname)%00%(objectname)%00%(*objectname) [2ms]
2025-07-04 13:42:59.044 [info] > git fetch [398ms]
2025-07-04 13:42:59.084 [info] > git status -z -uall [205ms] (cancelled)
2025-07-04 13:42:59.085 [info] > git config --get commit.template [2ms]
2025-07-04 13:42:59.116 [info] > git for-each-ref --format=%(refname)%00%(upstream:short)%00%(objectname)%00%(upstream:track)%00%(upstream:remotename)%00%(upstream:remoteref) refs/heads/main refs/remotes/main [1ms]
2025-07-04 13:42:59.160 [warning] [Git][revParse] Unable to read file: ENOENT: no such file or directory, open '/home/ionutcipriananescu/Developer/Web-Development-Bootcamp/.git/refs/remotes/origin/main'
2025-07-04 13:42:59.164 [info] > git rev-parse refs/remotes/origin/main [4ms]
2025-07-04 13:42:59.239 [info] > git for-each-ref --sort -committerdate --format %(refname)%00%(objectname)%00%(*objectname) [2ms]
2025-07-04 13:42:59.549 [info] > git status -z -uall [349ms]
2025-07-04 13:43:00.309 [info] > git ls-files --stage -- Section 24: Express.js with Node.js/3.4 Middleware/index1.js [3ms]
2025-07-04 13:43:00.340 [info] > git cat-file -s abcc666ab10e184635152e572fffc6d851d9b2e4 [2ms]
2025-07-04 13:43:00.387 [info] > git show --textconv :Section 24: Express.js with Node.js/3.4 Middleware/index1.js [5ms]
2025-07-04 13:45:13.618 [info] > git config --get commit.template [53ms]
2025-07-04 13:45:13.657 [info] > git ls-files --stage -- Section 24: Express.js with Node.js/3.4 Middleware/index1.js [40ms]
2025-07-04 13:45:13.693 [info] > git for-each-ref --format=%(refname)%00%(upstream:short)%00%(objectname)%00%(upstream:track)%00%(upstream:remotename)%00%(upstream:remoteref) refs/heads/main refs/remotes/main [37ms]
2025-07-04 13:45:13.721 [warning] [Git][revParse] Unable to read file: ENOENT: no such file or directory, open '/home/ionutcipriananescu/Developer/Web-Development-Bootcamp/.git/refs/remotes/origin/main'
2025-07-04 13:45:13.721 [info] > git cat-file -s abcc666ab10e184635152e572fffc6d851d9b2e4 [29ms]
2025-07-04 13:45:13.722 [info] > git rev-parse refs/remotes/origin/main [1ms]
2025-07-04 13:45:13.815 [info] > git for-each-ref --sort -committerdate --format %(refname)%00%(objectname)%00%(*objectname) [31ms]
2025-07-04 13:45:13.816 [info] > git show --textconv :Section 24: Express.js with Node.js/3.4 Middleware/index1.js [2ms]
2025-07-04 13:45:14.103 [info] > git status -z -uall [349ms]
2025-07-04 13:53:48.120 [info] > git fetch [408ms]
2025-07-04 13:53:48.241 [info] > git for-each-ref --format=%(refname)%00%(upstream:short)%00%(objectname)%00%(upstream:track)%00%(upstream:remotename)%00%(upstream:remoteref) refs/heads/main refs/remotes/main [3ms]
2025-07-04 13:53:48.241 [info] > git config --get commit.template [61ms]
2025-07-04 13:53:48.279 [warning] [Git][revParse] Unable to read file: ENOENT: no such file or directory, open '/home/ionutcipriananescu/Developer/Web-Development-Bootcamp/.git/refs/remotes/origin/main'
2025-07-04 13:53:48.280 [info] > git rev-parse refs/remotes/origin/main [2ms]
2025-07-04 13:53:48.361 [info] > git for-each-ref --sort -committerdate --format %(refname)%00%(objectname)%00%(*objectname) [1ms]
2025-07-04 13:53:48.675 [info] > git status -z -uall [353ms]
2025-07-04 13:53:53.829 [info] > git config --get commit.template [97ms]
2025-07-04 13:53:53.829 [info] > git for-each-ref --format=%(refname)%00%(upstream:short)%00%(objectname)%00%(upstream:track)%00%(upstream:remotename)%00%(upstream:remoteref) refs/heads/main refs/remotes/main [2ms]
2025-07-04 13:53:53.830 [info] > git ls-files --stage -- Section 24: Express.js with Node.js/3.4 Middleware/index1.js [40ms]
2025-07-04 13:53:53.890 [warning] [Git][revParse] Unable to read file: ENOENT: no such file or directory, open '/home/ionutcipriananescu/Developer/Web-Development-Bootcamp/.git/refs/remotes/origin/main'
2025-07-04 13:53:53.891 [info] > git cat-file -s abcc666ab10e184635152e572fffc6d851d9b2e4 [30ms]
2025-07-04 13:53:53.891 [info] > git rev-parse refs/remotes/origin/main [1ms]
2025-07-04 13:53:54.014 [info] > git for-each-ref --sort -committerdate --format %(refname)%00%(objectname)%00%(*objectname) [47ms]
2025-07-04 13:53:54.019 [info] > git show --textconv :Section 24: Express.js with Node.js/3.4 Middleware/index1.js [5ms]
2025-07-04 13:53:54.274 [info] > git status -z -uall [351ms]
2025-07-04 13:57:17.213 [info] > git fetch [572ms]
2025-07-04 13:57:17.263 [info] > git config --get commit.template [1ms]
2025-07-04 13:57:17.296 [info] > git for-each-ref --format=%(refname)%00%(upstream:short)%00%(objectname)%00%(upstream:track)%00%(upstream:remotename)%00%(upstream:remoteref) refs/heads/main refs/remotes/main [1ms]
2025-07-04 13:57:17.337 [warning] [Git][revParse] Unable to read file: ENOENT: no such file or directory, open '/home/ionutcipriananescu/Developer/Web-Development-Bootcamp/.git/refs/remotes/origin/main'
2025-07-04 13:57:17.338 [info] > git rev-parse refs/remotes/origin/main [1ms]
2025-07-04 13:57:17.402 [info] > git for-each-ref --sort -committerdate --format %(refname)%00%(objectname)%00%(*objectname) [2ms]
2025-07-04 13:57:17.724 [info] > git status -z -uall [354ms]
2025-07-04 13:59:37.480 [info] > git config --get commit.template [41ms]
2025-07-04 13:59:37.520 [info] > git ls-files --stage -- Section 24: Express.js with Node.js/3.4 Middleware/index1.js [40ms]
2025-07-04 13:59:37.553 [info] > git for-each-ref --format=%(refname)%00%(upstream:short)%00%(objectname)%00%(upstream:track)%00%(upstream:remotename)%00%(upstream:remoteref) refs/heads/main refs/remotes/main [34ms]
2025-07-04 13:59:37.584 [warning] [Git][revParse] Unable to read file: ENOENT: no such file or directory, open '/home/ionutcipriananescu/Developer/Web-Development-Bootcamp/.git/refs/remotes/origin/main'
2025-07-04 13:59:37.585 [info] > git cat-file -s abcc666ab10e184635152e572fffc6d851d9b2e4 [32ms]
2025-07-04 13:59:37.586 [info] > git rev-parse refs/remotes/origin/main [2ms]
2025-07-04 13:59:37.694 [info] > git for-each-ref --sort -committerdate --format %(refname)%00%(objectname)%00%(*objectname) [42ms]
2025-07-04 13:59:37.697 [info] > git show --textconv :Section 24: Express.js with Node.js/3.4 Middleware/index1.js [3ms]
2025-07-04 13:59:38.118 [info] > git status -z -uall [498ms]
