2025-07-04 13:20:04.509 [info] No other tunnel running
2025-07-04 13:26:42.936 [info] Session updated: ItIsCiprian (github) (service=true)
2025-07-04 13:26:42.936 [info] Session token updated: ItIsCiprian (github)
2025-07-04 13:26:43.082 [info] No other tunnel running
2025-07-04 13:26:43.152 [info] Running tunnel CLI

2025-07-04 13:26:43.153 [info] serviceInstall Spawning: /opt/visual-studio-code/bin/code-tunnel tunnel service install --accept-server-license-terms --log info --name cerebellum

2025-07-04 13:26:43.196 [info] [2025-07-04 13:26:43] info Creating tunnel with the name: cerebellum

2025-07-04 13:26:44.392 [info] [2025-07-04 13:26:44] info Adopting existing tunnel (ID=ID { cluster: "euw", id: "silent-hill-qll6fm9" })

2025-07-04 13:26:45.197 [info] *

2025-07-04 13:26:45.198 [info] * Visual Studio Code Server

2025-07-04 13:26:45.198 [info] *

2025-07-04 13:26:45.199 [info] * By using the software, you agree to

2025-07-04 13:26:45.199 [info] * the Visual Studio Code Server License Terms (https://aka.ms/vscode-server-license) and

2025-07-04 13:26:45.199 [info] * the Microsoft Privacy Statement (https://privacy.microsoft.com/en-US/privacystatement).

2025-07-04 13:26:45.199 [info] *

2025-07-04 13:26:45.199 [info] [2025-07-04 13:26:45] info Successfully registered service...

2025-07-04 13:26:45.393 [info] [2025-07-04 13:26:45] info Successfully enabled unit files...

2025-07-04 13:26:45.394 [info] [2025-07-04 13:26:45] info Tunnel service successfully started

2025-07-04 13:26:45.395 [info] Service successfully installed! You can use `code tunnel service log` to monitor it, and `code tunnel service uninstall` to remove it.

2025-07-04 13:26:45.408 [info] serviceInstall exit(38851): + 0 
2025-07-04 13:26:45.408 [info] Running tunnel CLI

2025-07-04 13:26:45.408 [info] tunnel Spawning: /opt/visual-studio-code/bin/code-tunnel tunnel --accept-server-license-terms --log info --name cerebellum --parent-process-id 35658

2025-07-04 13:26:45.427 [info] *

2025-07-04 13:26:45.427 [info] * Visual Studio Code Server

2025-07-04 13:26:45.428 [info] *

2025-07-04 13:26:45.429 [info] * By using the software, you agree to

2025-07-04 13:26:45.429 [info] * the Visual Studio Code Server License Terms (https://aka.ms/vscode-server-license) and

2025-07-04 13:26:45.430 [info] * the Microsoft Privacy Statement (https://privacy.microsoft.com/en-US/privacystatement).

2025-07-04 13:26:45.430 [info] *

2025-07-04 13:26:47.693 [info] 

2025-07-04 13:26:47.694 [info] Open this link in your browser https://vscode.dev/tunnel/cerebellum

2025-07-04 13:26:47.694 [info] 

