2025-07-04 13:25:18.257 [info] Acquired MSAL enablement value from default. Value: false
2025-07-04 13:25:18.266 [info] [getSessions] [all] starting
2025-07-04 13:25:18.266 [info] [getSessions] [all] returned 0 session(s)
2025-07-04 13:25:18.266 [info] [getSessions] [all] starting
2025-07-04 13:25:18.266 [info] [getSessions] [all] returned 0 session(s)
2025-07-04 13:25:18.267 [info] [getSessions] [all] starting
2025-07-04 13:25:18.267 [info] [getSessions] [all] returned 0 session(s)
2025-07-04 13:25:18.270 [info] [getSessions] [email offline_access openid profile] starting
2025-07-04 13:25:18.270 [warning] [Fri, 04 Jul 2025 10:25:18 GMT] : [aebc6443-996d-45c2-90f0-388ff96faa56] : @azure/msal-node@2.16.2 : Warning - NativeBroker implementation was provided but the broker is unavailable.
2025-07-04 13:25:18.277 [info] [getSessions] [email offline_access openid profile] returned 0 session(s)
2025-07-04 13:26:34.702 [info] [getSessions] [46da2f7e-b5ef-422a-88d4-2a7f9de6a0b2/.default openid profile] starting
2025-07-04 13:26:34.702 [info] [getSessions] [46da2f7e-b5ef-422a-88d4-2a7f9de6a0b2/.default openid profile] returned 0 session(s)
2025-07-04 13:26:51.909 [info] [getSessions] [email offline_access openid profile] starting
2025-07-04 13:26:51.909 [info] [getSessions] [email offline_access openid profile] returned 0 session(s)
2025-07-04 13:37:59.458 [info] Acquired MSAL enablement value from default. Value: false
2025-07-04 13:37:59.464 [warning] [Fri, 04 Jul 2025 10:37:59 GMT] : [aebc6443-996d-45c2-90f0-388ff96faa56] : @azure/msal-node@2.16.2 : Warning - NativeBroker implementation was provided but the broker is unavailable.
2025-07-04 13:37:59.473 [info] [getSessions] [all] starting
2025-07-04 13:37:59.473 [info] [getSessions] [all] returned 0 session(s)
2025-07-04 13:37:59.473 [info] [getSessions] [all] starting
2025-07-04 13:37:59.473 [info] [getSessions] [all] returned 0 session(s)
2025-07-04 13:37:59.473 [info] [getSessions] [all] starting
2025-07-04 13:37:59.473 [info] [getSessions] [all] returned 0 session(s)
2025-07-04 13:37:59.474 [info] [getSessions] [email offline_access openid profile] starting
2025-07-04 13:37:59.474 [warning] [Fri, 04 Jul 2025 10:37:59 GMT] : [aebc6443-996d-45c2-90f0-388ff96faa56] : @azure/msal-node@2.16.2 : Warning - NativeBroker implementation was provided but the broker is unavailable.
2025-07-04 13:37:59.477 [info] [getSessions] [email offline_access openid profile] returned 0 session(s)
