2025-07-04 18:39:42.536 [info] [main] Log level: Info
2025-07-04 18:39:42.536 [info] [main] Validating found git in: "git"
2025-07-04 18:39:42.536 [info] [main] Using git "2.50.0" from "git"
2025-07-04 18:39:42.536 [info] [Model][doInitialScan] Initial repository scan started
2025-07-04 18:39:42.536 [info] > git rev-parse --show-toplevel [7ms]
2025-07-04 18:39:42.536 [info] fatal: not a git repository (or any of the parent directories): .git
2025-07-04 18:39:42.536 [info] > git rev-parse --show-toplevel [3ms]
2025-07-04 18:39:42.536 [info] > git rev-parse --git-dir --git-common-dir [3ms]
2025-07-04 18:39:42.536 [info] [Model][openRepository] Opened repository (path): /home/ionutcipriananescu/Developer/Web-Development-Bootcamp
2025-07-04 18:39:42.536 [info] [Model][openRepository] Opened repository (real path): /home/ionutcipriananescu/Developer/Web-Development-Bootcamp
2025-07-04 18:39:42.536 [info] [Model][doInitialScan] Initial repository scan completed - repositories (1), closed repositories (0), parent repositories (0), unsafe repositories (0)
2025-07-04 18:39:42.536 [info] > git config --get commit.template [37ms]
2025-07-04 18:39:48.051 [info] > git for-each-ref --format=%(refname)%00%(upstream:short)%00%(objectname)%00%(upstream:track)%00%(upstream:remotename)%00%(upstream:remoteref) refs/heads/main refs/remotes/main [5516ms]
2025-07-04 18:39:48.052 [info] > git fetch [5895ms]
2025-07-04 18:39:48.477 [warning] [Git][revParse] Unable to read file: ENOENT: no such file or directory, open '/home/ionutcipriananescu/Developer/Web-Development-Bootcamp/.git/refs/remotes/origin/main'
2025-07-04 18:39:48.608 [info] > git check-ignore -v -z --stdin [516ms]
2025-07-04 18:39:48.811 [info] > git rev-parse --show-toplevel [236ms]
2025-07-04 18:39:48.811 [info] fatal: not a git repository (or any of the parent directories): .git
2025-07-04 18:39:48.811 [info] > git config --get commit.template [303ms]
2025-07-04 18:39:48.811 [info] > git rev-parse refs/remotes/origin/main [335ms]
2025-07-04 18:39:48.992 [info] > git for-each-ref --format=%(refname)%00%(upstream:short)%00%(objectname)%00%(upstream:track)%00%(upstream:remotename)%00%(upstream:remoteref) refs/heads/main refs/remotes/main [149ms]
2025-07-04 18:39:49.225 [info] > git config --get --local branch.main.vscode-merge-base [209ms]
2025-07-04 18:39:49.258 [info] > git config --get commit.template [273ms]
2025-07-04 18:39:49.258 [info] > git rev-parse --show-toplevel [299ms]
2025-07-04 18:39:49.258 [info] fatal: not a git repository (or any of the parent directories): .git
2025-07-04 18:39:49.351 [info] > git for-each-ref --format=%(refname)%00%(upstream:short)%00%(objectname)%00%(upstream:track)%00%(upstream:remotename)%00%(upstream:remoteref) refs/heads/origin/main refs/remotes/origin/main [94ms]
2025-07-04 18:39:49.379 [info] > git for-each-ref --format=%(refname)%00%(upstream:short)%00%(objectname)%00%(upstream:track)%00%(upstream:remotename)%00%(upstream:remoteref) refs/heads/main refs/remotes/main [323ms]
2025-07-04 18:39:49.432 [warning] [Git][revParse] Unable to read file: ENOENT: no such file or directory, open '/home/ionutcipriananescu/Developer/Web-Development-Bootcamp/.git/refs/remotes/origin/main'
2025-07-04 18:39:49.449 [info] > git merge-base refs/heads/main refs/remotes/origin/main [72ms]
2025-07-04 18:39:49.473 [info] > git rev-parse --show-toplevel [154ms]
2025-07-04 18:39:49.473 [info] fatal: not a git repository (or any of the parent directories): .git
2025-07-04 18:39:49.499 [info] > git diff --name-status -z --diff-filter=ADMR ba47c2770f9449be2b3eff23cfe45507c8570422...refs/remotes/origin/main [27ms]
2025-07-04 18:39:49.499 [info] > git rev-parse refs/remotes/origin/main [67ms]
2025-07-04 18:39:49.500 [info] > git for-each-ref --format=%(refname)%00%(upstream:short)%00%(objectname)%00%(upstream:track)%00%(upstream:remotename)%00%(upstream:remoteref) refs/heads/main refs/remotes/main [93ms]
2025-07-04 18:39:49.571 [warning] [Git][revParse] Unable to read file: ENOENT: no such file or directory, open '/home/ionutcipriananescu/Developer/Web-Development-Bootcamp/.git/refs/remotes/origin/main'
2025-07-04 18:39:49.688 [info] > git rev-parse refs/remotes/origin/main [117ms]
2025-07-04 18:39:49.754 [info] > git for-each-ref --sort -committerdate --format %(refname)%00%(objectname)%00%(*objectname) [11ms]
2025-07-04 18:39:50.156 [info] > git status -z -uall [440ms]
