2025-07-04 17:26:37.666 [info] Reading sessions from keychain...
2025-07-04 17:26:37.667 [info] Getting sessions for all scopes...
2025-07-04 17:26:37.667 [info] Getting sessions for all scopes...
2025-07-04 17:26:37.671 [info] Getting sessions for all scopes...
2025-07-04 17:26:37.671 [info] Getting sessions for all scopes...
2025-07-04 17:26:37.671 [info] Getting sessions for all scopes...
2025-07-04 17:26:37.671 [info] Getting sessions for all scopes...
2025-07-04 17:26:37.671 [info] Getting sessions for all scopes...
2025-07-04 17:26:37.844 [info] Got stored sessions!
2025-07-04 17:26:37.845 [info] Got 3 verified sessions.
2025-07-04 17:26:37.845 [info] Got 3 sessions for ...
2025-07-04 17:26:37.845 [info] Got 3 sessions for ...
2025-07-04 17:26:37.845 [info] Got 3 sessions for ...
2025-07-04 17:26:37.845 [info] Got 3 sessions for ...
2025-07-04 17:26:37.845 [info] Got 3 sessions for ...
2025-07-04 17:26:37.845 [info] Got 3 sessions for ...
2025-07-04 17:26:37.845 [info] Got 3 sessions for ...
2025-07-04 17:26:37.846 [info] Getting sessions for all scopes...
2025-07-04 17:26:37.846 [info] Got 3 sessions for ...
2025-07-04 17:26:37.974 [info] Getting sessions for all scopes...
2025-07-04 17:26:37.974 [info] Got 3 sessions for ...
2025-07-04 17:26:37.975 [info] Getting sessions for all scopes...
2025-07-04 17:26:37.975 [info] Got 3 sessions for ...
2025-07-04 17:26:37.975 [info] Getting sessions for all scopes...
2025-07-04 17:26:37.975 [info] Got 3 sessions for ...
2025-07-04 17:26:37.975 [info] Getting sessions for all scopes...
2025-07-04 17:26:37.975 [info] Got 3 sessions for ...
2025-07-04 17:26:37.975 [info] Getting sessions for all scopes...
2025-07-04 17:26:37.975 [info] Got 3 sessions for ...
2025-07-04 17:26:37.976 [info] Getting sessions for all scopes...
2025-07-04 17:26:37.976 [info] Got 3 sessions for ...
2025-07-04 17:26:44.080 [info] Getting sessions for user:email...
2025-07-04 17:26:44.080 [info] Got 1 sessions for user:email...
2025-07-04 17:26:44.126 [info] Getting sessions for all scopes...
2025-07-04 17:26:44.126 [info] Got 3 sessions for ...
2025-07-04 17:26:44.261 [info] Getting sessions for read:org,user:email...
2025-07-04 17:26:44.261 [info] Got 1 sessions for read:org,user:email...
2025-07-04 17:26:44.278 [info] Getting sessions for all scopes...
2025-07-04 17:26:44.278 [info] Got 3 sessions for ...
2025-07-04 17:26:47.075 [info] Getting sessions for read:user,repo,user:email...
2025-07-04 17:26:47.075 [info] Got 1 sessions for read:user,repo,user:email...
2025-07-04 17:26:47.075 [info] Getting sessions for all scopes...
2025-07-04 17:26:47.075 [info] Got 3 sessions for ...
2025-07-04 17:26:47.076 [info] Getting sessions for all scopes...
2025-07-04 17:26:47.076 [info] Got 3 sessions for ...
2025-07-04 17:26:47.265 [info] Getting sessions for all scopes...
2025-07-04 17:26:47.265 [info] Got 3 sessions for ...
2025-07-04 17:26:47.657 [info] Getting sessions for all scopes...
2025-07-04 17:26:47.657 [info] Got 3 sessions for ...
2025-07-04 17:26:47.658 [info] Getting sessions for read:user,repo,user:email,workflow...
2025-07-04 17:26:47.658 [info] Got 0 sessions for read:user,repo,user:email,workflow...
2025-07-04 17:26:48.126 [info] Getting sessions for read:user,repo,user:email,workflow...
2025-07-04 17:26:48.126 [info] Got 0 sessions for read:user,repo,user:email,workflow...
2025-07-04 17:26:48.416 [info] Getting sessions for read:user...
2025-07-04 17:26:48.416 [info] Got 0 sessions for read:user...
2025-07-04 17:26:49.347 [info] Getting sessions for read:user,repo,user:email...
2025-07-04 17:26:49.347 [info] Got 1 sessions for read:user,repo,user:email...
2025-07-04 17:26:49.347 [info] Getting sessions for user:email...
2025-07-04 17:26:49.347 [info] Got 1 sessions for user:email...
2025-07-04 17:26:49.347 [info] Getting sessions for read:user,repo,user:email,workflow...
2025-07-04 17:26:49.347 [info] Got 0 sessions for read:user,repo,user:email,workflow...
2025-07-04 17:26:49.445 [info] Getting sessions for read:user,repo,user:email,workflow...
2025-07-04 17:26:49.445 [info] Got 0 sessions for read:user,repo,user:email,workflow...
2025-07-04 17:26:49.481 [info] Getting sessions for user:email...
2025-07-04 17:26:49.481 [info] Got 1 sessions for user:email...
2025-07-04 17:26:49.774 [info] Getting sessions for all scopes...
2025-07-04 17:26:49.774 [info] Got 3 sessions for ...
2025-07-04 17:26:49.774 [info] Getting sessions for all scopes...
2025-07-04 17:26:49.774 [info] Got 3 sessions for ...
2025-07-04 17:26:49.978 [info] Getting sessions for user:email...
2025-07-04 17:26:49.978 [info] Got 1 sessions for user:email...
2025-07-04 17:26:50.051 [info] Getting sessions for read:user,repo,user:email,workflow...
2025-07-04 17:26:50.052 [info] Got 0 sessions for read:user,repo,user:email,workflow...
2025-07-04 17:26:50.201 [info] Getting sessions for user:email...
2025-07-04 17:26:50.202 [info] Got 1 sessions for user:email...
2025-07-04 17:26:50.261 [info] Getting sessions for user:email...
2025-07-04 17:26:50.261 [info] Got 1 sessions for user:email...
2025-07-04 17:26:50.982 [info] Getting sessions for all scopes...
2025-07-04 17:26:50.983 [info] Got 3 sessions for ...
2025-07-04 17:26:50.999 [info] Getting sessions for read:user,repo,user:email,workflow...
2025-07-04 17:26:50.999 [info] Got 0 sessions for read:user,repo,user:email,workflow...
2025-07-04 17:26:51.007 [info] Getting sessions for read:user,repo,user:email,workflow...
2025-07-04 17:26:51.007 [info] Got 0 sessions for read:user,repo,user:email,workflow...
2025-07-04 17:26:51.022 [info] Getting sessions for all scopes...
2025-07-04 17:26:51.022 [info] Got 3 sessions for ...
2025-07-04 17:26:51.032 [info] Getting sessions for read:user,repo,user:email,workflow...
2025-07-04 17:26:51.032 [info] Got 0 sessions for read:user,repo,user:email,workflow...
2025-07-04 17:26:51.049 [info] Getting sessions for user:email...
2025-07-04 17:26:51.049 [info] Got 1 sessions for user:email...
2025-07-04 17:26:51.211 [info] Getting sessions for all scopes...
2025-07-04 17:26:51.211 [info] Got 3 sessions for ...
2025-07-04 17:26:51.211 [info] Getting sessions for all scopes...
2025-07-04 17:26:51.211 [info] Got 3 sessions for ...
2025-07-04 17:26:51.241 [info] Getting sessions for read:user,repo,user:email,workflow...
2025-07-04 17:26:51.241 [info] Got 0 sessions for read:user,repo,user:email,workflow...
2025-07-04 17:26:51.254 [info] Getting sessions for user:email...
2025-07-04 17:26:51.254 [info] Got 1 sessions for user:email...
2025-07-04 17:26:51.254 [info] Getting sessions for read:user,repo,user:email,workflow...
2025-07-04 17:26:51.254 [info] Got 0 sessions for read:user,repo,user:email,workflow...
2025-07-04 17:26:51.259 [info] Getting sessions for all scopes...
2025-07-04 17:26:51.259 [info] Got 3 sessions for ...
2025-07-04 17:26:51.263 [info] Getting sessions for read:user,repo,user:email,workflow...
2025-07-04 17:26:51.263 [info] Got 0 sessions for read:user,repo,user:email,workflow...
2025-07-04 17:26:51.264 [info] Getting sessions for user:email...
2025-07-04 17:26:51.264 [info] Got 1 sessions for user:email...
2025-07-04 17:26:51.331 [info] Getting sessions for all scopes...
2025-07-04 17:26:51.331 [info] Got 3 sessions for ...
2025-07-04 17:26:51.333 [info] Getting sessions for all scopes...
2025-07-04 17:26:51.333 [info] Got 3 sessions for ...
2025-07-04 17:26:51.343 [info] Getting sessions for read:user,repo,user:email,workflow...
2025-07-04 17:26:51.343 [info] Got 0 sessions for read:user,repo,user:email,workflow...
2025-07-04 17:26:51.346 [info] Getting sessions for user:email...
2025-07-04 17:26:51.346 [info] Got 1 sessions for user:email...
2025-07-04 17:26:51.346 [info] Getting sessions for read:user,repo,user:email,workflow...
2025-07-04 17:26:51.346 [info] Got 0 sessions for read:user,repo,user:email,workflow...
2025-07-04 17:26:51.353 [info] Getting sessions for all scopes...
2025-07-04 17:26:51.353 [info] Got 3 sessions for ...
2025-07-04 17:26:51.354 [info] Getting sessions for all scopes...
2025-07-04 17:26:51.354 [info] Got 3 sessions for ...
2025-07-04 17:26:51.354 [info] Getting sessions for all scopes...
2025-07-04 17:26:51.354 [info] Got 3 sessions for ...
2025-07-04 17:26:51.357 [info] Getting sessions for read:user,repo,user:email,workflow...
2025-07-04 17:26:51.357 [info] Got 0 sessions for read:user,repo,user:email,workflow...
2025-07-04 17:26:51.359 [info] Getting sessions for user:email...
2025-07-04 17:26:51.359 [info] Got 1 sessions for user:email...
2025-07-04 17:26:52.864 [info] Getting sessions for all scopes...
2025-07-04 17:26:52.864 [info] Got 3 sessions for ...
2025-07-04 17:26:52.933 [info] Getting sessions for read:user,repo,user:email,workflow...
2025-07-04 17:26:52.933 [info] Got 0 sessions for read:user,repo,user:email,workflow...
2025-07-04 17:26:52.944 [info] Getting sessions for user:email...
2025-07-04 17:26:52.944 [info] Got 1 sessions for user:email...
2025-07-04 17:26:53.098 [info] Getting sessions for all scopes...
2025-07-04 17:26:53.098 [info] Got 3 sessions for ...
2025-07-04 17:26:53.101 [info] Getting sessions for read:user,repo,user:email,workflow...
2025-07-04 17:26:53.101 [info] Got 0 sessions for read:user,repo,user:email,workflow...
2025-07-04 17:26:53.103 [info] Getting sessions for user:email...
2025-07-04 17:26:53.103 [info] Got 1 sessions for user:email...
2025-07-04 17:26:53.939 [info] Getting sessions for all scopes...
2025-07-04 17:26:53.939 [info] Got 3 sessions for ...
2025-07-04 17:26:53.955 [info] Getting sessions for read:user,repo,user:email,workflow...
2025-07-04 17:26:53.956 [info] Got 0 sessions for read:user,repo,user:email,workflow...
2025-07-04 17:26:53.978 [info] Getting sessions for user:email...
2025-07-04 17:26:53.978 [info] Got 1 sessions for user:email...
