2025-07-04 18:03:28.760 [info] Reading sessions from keychain...
2025-07-04 18:03:28.760 [info] Getting sessions for all scopes...
2025-07-04 18:03:28.760 [info] Getting sessions for all scopes...
2025-07-04 18:03:28.765 [info] Getting sessions for all scopes...
2025-07-04 18:03:28.766 [info] Getting sessions for all scopes...
2025-07-04 18:03:28.766 [info] Getting sessions for all scopes...
2025-07-04 18:03:28.766 [info] Getting sessions for all scopes...
2025-07-04 18:03:28.766 [info] Getting sessions for all scopes...
2025-07-04 18:03:28.960 [info] Got stored sessions!
2025-07-04 18:03:28.960 [info] Got 3 verified sessions.
2025-07-04 18:03:28.960 [info] Got 3 sessions for ...
2025-07-04 18:03:28.960 [info] Got 3 sessions for ...
2025-07-04 18:03:28.960 [info] Got 3 sessions for ...
2025-07-04 18:03:28.960 [info] Got 3 sessions for ...
2025-07-04 18:03:28.960 [info] Got 3 sessions for ...
2025-07-04 18:03:28.960 [info] Got 3 sessions for ...
2025-07-04 18:03:28.960 [info] Got 3 sessions for ...
2025-07-04 18:03:28.971 [info] Getting sessions for all scopes...
2025-07-04 18:03:28.971 [info] Got 3 sessions for ...
2025-07-04 18:03:29.048 [info] Getting sessions for all scopes...
2025-07-04 18:03:29.048 [info] Got 3 sessions for ...
2025-07-04 18:03:29.048 [info] Getting sessions for all scopes...
2025-07-04 18:03:29.048 [info] Got 3 sessions for ...
2025-07-04 18:03:29.048 [info] Getting sessions for all scopes...
2025-07-04 18:03:29.048 [info] Got 3 sessions for ...
2025-07-04 18:03:29.048 [info] Getting sessions for all scopes...
2025-07-04 18:03:29.049 [info] Got 3 sessions for ...
2025-07-04 18:03:29.049 [info] Getting sessions for all scopes...
2025-07-04 18:03:29.049 [info] Got 3 sessions for ...
2025-07-04 18:03:29.049 [info] Getting sessions for all scopes...
2025-07-04 18:03:29.049 [info] Got 3 sessions for ...
2025-07-04 18:03:35.027 [info] Getting sessions for user:email...
2025-07-04 18:03:35.027 [info] Got 1 sessions for user:email...
2025-07-04 18:03:35.048 [info] Getting sessions for all scopes...
2025-07-04 18:03:35.048 [info] Got 3 sessions for ...
2025-07-04 18:03:35.195 [info] Getting sessions for read:org,user:email...
2025-07-04 18:03:35.195 [info] Got 1 sessions for read:org,user:email...
2025-07-04 18:03:35.206 [info] Getting sessions for all scopes...
2025-07-04 18:03:35.206 [info] Got 3 sessions for ...
2025-07-04 18:03:36.018 [info] Getting sessions for read:user,repo,user:email...
2025-07-04 18:03:36.018 [info] Got 1 sessions for read:user,repo,user:email...
2025-07-04 18:03:36.018 [info] Getting sessions for all scopes...
2025-07-04 18:03:36.018 [info] Got 3 sessions for ...
2025-07-04 18:03:36.018 [info] Getting sessions for all scopes...
2025-07-04 18:03:36.018 [info] Got 3 sessions for ...
2025-07-04 18:03:36.106 [info] Getting sessions for all scopes...
2025-07-04 18:03:36.106 [info] Got 3 sessions for ...
2025-07-04 18:03:36.423 [info] Getting sessions for all scopes...
2025-07-04 18:03:36.423 [info] Got 3 sessions for ...
2025-07-04 18:03:36.423 [info] Getting sessions for read:user,repo,user:email,workflow...
2025-07-04 18:03:36.423 [info] Got 0 sessions for read:user,repo,user:email,workflow...
2025-07-04 18:03:36.576 [info] Getting sessions for read:user,repo,user:email,workflow...
2025-07-04 18:03:36.576 [info] Got 0 sessions for read:user,repo,user:email,workflow...
2025-07-04 18:03:36.810 [info] Getting sessions for read:user...
2025-07-04 18:03:36.810 [info] Got 0 sessions for read:user...
2025-07-04 18:03:36.906 [info] Getting sessions for read:user,repo,user:email,workflow...
2025-07-04 18:03:36.906 [info] Got 0 sessions for read:user,repo,user:email,workflow...
2025-07-04 18:03:37.226 [info] Getting sessions for user:email...
2025-07-04 18:03:37.226 [info] Got 1 sessions for user:email...
2025-07-04 18:03:37.226 [info] Getting sessions for read:user,repo,user:email,workflow...
2025-07-04 18:03:37.226 [info] Got 0 sessions for read:user,repo,user:email,workflow...
2025-07-04 18:03:37.226 [info] Getting sessions for read:user,repo,user:email...
2025-07-04 18:03:37.226 [info] Got 1 sessions for read:user,repo,user:email...
2025-07-04 18:03:37.390 [info] Getting sessions for user:email...
2025-07-04 18:03:37.390 [info] Got 1 sessions for user:email...
2025-07-04 18:03:37.462 [info] Getting sessions for all scopes...
2025-07-04 18:03:37.462 [info] Got 3 sessions for ...
2025-07-04 18:03:37.463 [info] Getting sessions for all scopes...
2025-07-04 18:03:37.463 [info] Got 3 sessions for ...
2025-07-04 18:03:37.469 [info] Getting sessions for user:email...
2025-07-04 18:03:37.469 [info] Got 1 sessions for user:email...
2025-07-04 18:03:37.473 [info] Getting sessions for read:user,repo,user:email,workflow...
2025-07-04 18:03:37.473 [info] Got 0 sessions for read:user,repo,user:email,workflow...
2025-07-04 18:03:37.577 [info] Getting sessions for user:email...
2025-07-04 18:03:37.577 [info] Got 1 sessions for user:email...
2025-07-04 18:03:37.577 [info] Getting sessions for user:email...
2025-07-04 18:03:37.577 [info] Got 1 sessions for user:email...
2025-07-04 18:03:38.254 [info] Getting sessions for all scopes...
2025-07-04 18:03:38.254 [info] Got 3 sessions for ...
2025-07-04 18:03:38.255 [info] Getting sessions for read:user,repo,user:email,workflow...
2025-07-04 18:03:38.255 [info] Got 0 sessions for read:user,repo,user:email,workflow...
2025-07-04 18:03:38.256 [info] Getting sessions for read:user,repo,user:email,workflow...
2025-07-04 18:03:38.256 [info] Got 0 sessions for read:user,repo,user:email,workflow...
2025-07-04 18:03:38.257 [info] Getting sessions for all scopes...
2025-07-04 18:03:38.257 [info] Got 3 sessions for ...
2025-07-04 18:03:38.258 [info] Getting sessions for read:user,repo,user:email,workflow...
2025-07-04 18:03:38.258 [info] Got 0 sessions for read:user,repo,user:email,workflow...
2025-07-04 18:03:38.260 [info] Getting sessions for user:email...
2025-07-04 18:03:38.260 [info] Got 1 sessions for user:email...
2025-07-04 18:03:38.369 [info] Getting sessions for all scopes...
2025-07-04 18:03:38.369 [info] Got 3 sessions for ...
2025-07-04 18:03:38.370 [info] Getting sessions for all scopes...
2025-07-04 18:03:38.370 [info] Got 3 sessions for ...
2025-07-04 18:03:38.387 [info] Getting sessions for read:user,repo,user:email,workflow...
2025-07-04 18:03:38.387 [info] Got 0 sessions for read:user,repo,user:email,workflow...
2025-07-04 18:03:38.389 [info] Getting sessions for user:email...
2025-07-04 18:03:38.389 [info] Got 1 sessions for user:email...
2025-07-04 18:03:38.389 [info] Getting sessions for read:user,repo,user:email,workflow...
2025-07-04 18:03:38.389 [info] Got 0 sessions for read:user,repo,user:email,workflow...
2025-07-04 18:03:38.403 [info] Getting sessions for all scopes...
2025-07-04 18:03:38.403 [info] Got 3 sessions for ...
2025-07-04 18:03:38.404 [info] Getting sessions for read:user,repo,user:email,workflow...
2025-07-04 18:03:38.404 [info] Got 0 sessions for read:user,repo,user:email,workflow...
2025-07-04 18:03:38.405 [info] Getting sessions for user:email...
2025-07-04 18:03:38.405 [info] Got 1 sessions for user:email...
2025-07-04 18:03:38.445 [info] Getting sessions for all scopes...
2025-07-04 18:03:38.445 [info] Got 3 sessions for ...
2025-07-04 18:03:38.445 [info] Getting sessions for all scopes...
2025-07-04 18:03:38.445 [info] Got 3 sessions for ...
2025-07-04 18:03:38.446 [info] Getting sessions for read:user,repo,user:email,workflow...
2025-07-04 18:03:38.446 [info] Got 0 sessions for read:user,repo,user:email,workflow...
2025-07-04 18:03:38.447 [info] Getting sessions for user:email...
2025-07-04 18:03:38.447 [info] Got 1 sessions for user:email...
2025-07-04 18:03:38.447 [info] Getting sessions for read:user,repo,user:email,workflow...
2025-07-04 18:03:38.447 [info] Got 0 sessions for read:user,repo,user:email,workflow...
2025-07-04 18:03:38.450 [info] Getting sessions for all scopes...
2025-07-04 18:03:38.450 [info] Got 3 sessions for ...
2025-07-04 18:03:38.451 [info] Getting sessions for all scopes...
2025-07-04 18:03:38.451 [info] Got 3 sessions for ...
2025-07-04 18:03:38.451 [info] Getting sessions for all scopes...
2025-07-04 18:03:38.451 [info] Got 3 sessions for ...
2025-07-04 18:03:38.452 [info] Getting sessions for read:user,repo,user:email,workflow...
2025-07-04 18:03:38.452 [info] Got 0 sessions for read:user,repo,user:email,workflow...
2025-07-04 18:03:38.453 [info] Getting sessions for user:email...
2025-07-04 18:03:38.453 [info] Got 1 sessions for user:email...
2025-07-04 18:03:38.696 [info] Getting sessions for all scopes...
2025-07-04 18:03:38.696 [info] Got 3 sessions for ...
2025-07-04 18:03:38.698 [info] Getting sessions for read:user,repo,user:email,workflow...
2025-07-04 18:03:38.698 [info] Got 0 sessions for read:user,repo,user:email,workflow...
2025-07-04 18:03:38.700 [info] Getting sessions for user:email...
2025-07-04 18:03:38.700 [info] Got 1 sessions for user:email...
2025-07-04 18:03:39.731 [info] Getting sessions for all scopes...
2025-07-04 18:03:39.732 [info] Got 3 sessions for ...
2025-07-04 18:03:39.739 [info] Getting sessions for read:user,repo,user:email,workflow...
2025-07-04 18:03:39.739 [info] Got 0 sessions for read:user,repo,user:email,workflow...
2025-07-04 18:03:39.742 [info] Getting sessions for user:email...
2025-07-04 18:03:39.742 [info] Got 1 sessions for user:email...
