2025-07-04 17:29:03.612 [info] [AutoSync] Using settings sync service https://vscode-sync.trafficmanager.net/
2025-07-04 17:29:03.612 [info] [AutoSync] Enabled.
2025-07-04 17:29:03.612 [info] [AutoSync] Suspended until auth token is available.
2025-07-04 17:29:06.939 [info] [AutoSync] Triggered by Interval
2025-07-04 17:29:06.940 [info] Sync started.
2025-07-04 17:29:07.409 [info] Settings: No changes found during synchronizing settings.
2025-07-04 17:29:07.426 [info] Keybindings: No changes found during synchronizing keybindings.
2025-07-04 17:29:07.429 [info] Snippets: No changes found during synchronizing snippets.
2025-07-04 17:29:07.432 [info] Tasks: No changes found during synchronizing tasks.
2025-07-04 17:29:07.438 [info] GlobalState: No changes found during synchronizing ui state.
2025-07-04 17:29:07.499 [info] Extensions: No changes found during synchronizing extensions.
2025-07-04 17:29:07.510 [info] Prompts: No changes found during synchronizing prompts.
2025-07-04 17:29:07.511 [info] Profiles: No changes found during synchronizing profiles.
2025-07-04 17:29:07.513 [info] Sync done. Took 576ms
2025-07-04 17:29:17.120 [info] [AutoSync] Triggered by Activity
2025-07-04 17:29:17.120 [info] Sync started.
2025-07-04 17:29:17.223 [info] Settings: No changes found during synchronizing settings.
2025-07-04 17:29:17.290 [info] Keybindings: No changes found during synchronizing keybindings.
2025-07-04 17:29:17.295 [info] Snippets: No changes found during synchronizing snippets.
2025-07-04 17:29:17.298 [info] Tasks: No changes found during synchronizing tasks.
2025-07-04 17:29:17.303 [info] GlobalState: No changes found during synchronizing ui state.
2025-07-04 17:29:17.355 [info] Extensions: No changes found during synchronizing extensions.
2025-07-04 17:29:17.357 [info] Prompts: No changes found during synchronizing prompts.
2025-07-04 17:29:17.358 [info] Profiles: No changes found during synchronizing profiles.
2025-07-04 17:29:17.359 [info] Sync done. Took 239ms
2025-07-04 17:34:17.371 [info] [AutoSync] Triggered by Interval
2025-07-04 17:34:17.372 [info] Sync started.
2025-07-04 17:34:17.612 [info] Settings: No changes found during synchronizing settings.
2025-07-04 17:34:17.615 [info] Keybindings: No changes found during synchronizing keybindings.
2025-07-04 17:34:17.618 [info] Snippets: No changes found during synchronizing snippets.
2025-07-04 17:34:17.621 [info] Tasks: No changes found during synchronizing tasks.
2025-07-04 17:34:17.627 [info] GlobalState: No changes found during synchronizing ui state.
2025-07-04 17:34:17.705 [info] Extensions: No changes found during synchronizing extensions.
2025-07-04 17:34:17.707 [info] Prompts: No changes found during synchronizing prompts.
2025-07-04 17:34:17.708 [info] Profiles: No changes found during synchronizing profiles.
2025-07-04 17:34:17.710 [info] Sync done. Took 340ms
2025-07-04 17:37:53.419 [info] [AutoSync] Triggered by Activity
2025-07-04 17:37:53.420 [info] Sync started.
2025-07-04 17:37:53.643 [info] Settings: No changes found during synchronizing settings.
2025-07-04 17:37:53.652 [info] Keybindings: No changes found during synchronizing keybindings.
2025-07-04 17:37:53.656 [info] Snippets: No changes found during synchronizing snippets.
2025-07-04 17:37:53.658 [info] Tasks: No changes found during synchronizing tasks.
2025-07-04 17:37:53.662 [info] GlobalState: No changes found during synchronizing ui state.
2025-07-04 17:37:53.738 [info] Extensions: No changes found during synchronizing extensions.
2025-07-04 17:37:53.741 [info] Prompts: No changes found during synchronizing prompts.
2025-07-04 17:37:53.742 [info] Profiles: No changes found during synchronizing profiles.
2025-07-04 17:37:53.743 [info] Sync done. Took 324ms
2025-07-04 17:38:08.353 [info] [AutoSync] Triggered by Activity
2025-07-04 17:38:08.353 [info] Sync started.
2025-07-04 17:38:08.430 [info] Settings: No changes found during synchronizing settings.
2025-07-04 17:38:08.436 [info] Keybindings: No changes found during synchronizing keybindings.
2025-07-04 17:38:08.438 [info] Snippets: No changes found during synchronizing snippets.
2025-07-04 17:38:08.441 [info] Tasks: No changes found during synchronizing tasks.
2025-07-04 17:38:08.453 [info] GlobalState: No changes found during synchronizing ui state.
2025-07-04 17:38:08.542 [info] Extensions: No changes found during synchronizing extensions.
2025-07-04 17:38:08.544 [info] Prompts: No changes found during synchronizing prompts.
2025-07-04 17:38:08.546 [info] Profiles: No changes found during synchronizing profiles.
2025-07-04 17:38:08.547 [info] Sync done. Took 194ms
2025-07-04 17:38:19.499 [info] [AutoSync] Triggered by Activity
2025-07-04 17:38:19.500 [info] Sync started.
2025-07-04 17:38:20.060 [info] Settings: Updated remote settings
2025-07-04 17:38:20.071 [info] Settings: Updated last synchronized settings
2025-07-04 17:38:20.076 [info] Keybindings: No changes found during synchronizing keybindings.
2025-07-04 17:38:20.080 [info] Snippets: No changes found during synchronizing snippets.
2025-07-04 17:38:20.084 [info] Tasks: No changes found during synchronizing tasks.
2025-07-04 17:38:20.093 [info] GlobalState: No changes found during synchronizing ui state.
2025-07-04 17:38:20.176 [info] Extensions: No changes found during synchronizing extensions.
2025-07-04 17:38:20.178 [info] Prompts: No changes found during synchronizing prompts.
2025-07-04 17:38:20.179 [info] Profiles: No changes found during synchronizing profiles.
2025-07-04 17:38:20.181 [info] Sync done. Took 683ms
2025-07-04 17:38:22.603 [info] [AutoSync] Triggered by Activity
2025-07-04 17:38:22.604 [info] Sync started.
2025-07-04 17:38:22.701 [info] Settings: No changes found during synchronizing settings.
2025-07-04 17:38:22.704 [info] Keybindings: No changes found during synchronizing keybindings.
2025-07-04 17:38:22.708 [info] Snippets: No changes found during synchronizing snippets.
2025-07-04 17:38:22.711 [info] Tasks: No changes found during synchronizing tasks.
2025-07-04 17:38:22.719 [info] GlobalState: No changes found during synchronizing ui state.
2025-07-04 17:38:22.784 [info] Extensions: No changes found during synchronizing extensions.
2025-07-04 17:38:22.787 [info] Prompts: No changes found during synchronizing prompts.
2025-07-04 17:38:22.788 [info] Profiles: No changes found during synchronizing profiles.
2025-07-04 17:38:22.789 [info] Sync done. Took 187ms
