2025-07-04 13:20:04.195 [info] Reading sessions from keychain...
2025-07-04 13:20:04.195 [info] Getting sessions for all scopes...
2025-07-04 13:20:04.195 [info] Getting sessions for all scopes...
2025-07-04 13:20:04.195 [info] Getting sessions for all scopes...
2025-07-04 13:20:04.195 [info] Getting sessions for all scopes...
2025-07-04 13:20:04.195 [info] Getting sessions for all scopes...
2025-07-04 13:20:04.195 [info] Getting sessions for all scopes...
2025-07-04 13:20:04.196 [info] Getting sessions for all scopes...
2025-07-04 13:20:04.196 [info] Getting sessions for all scopes...
2025-07-04 13:20:04.265 [info] Got 0 sessions for ...
2025-07-04 13:20:04.265 [info] Got 0 sessions for ...
2025-07-04 13:20:04.265 [info] Got 0 sessions for ...
2025-07-04 13:20:04.265 [info] Got 0 sessions for ...
2025-07-04 13:20:04.265 [info] Got 0 sessions for ...
2025-07-04 13:20:04.265 [info] Got 0 sessions for ...
2025-07-04 13:20:04.265 [info] Got 0 sessions for ...
2025-07-04 13:20:04.265 [info] Got 0 sessions for ...
2025-07-04 13:20:04.276 [info] Getting sessions for all scopes...
2025-07-04 13:20:04.276 [info] Got 0 sessions for ...
2025-07-04 13:20:04.276 [info] Getting sessions for all scopes...
2025-07-04 13:20:04.276 [info] Got 0 sessions for ...
2025-07-04 13:20:04.299 [info] Getting sessions for all scopes...
2025-07-04 13:20:04.299 [info] Got 0 sessions for ...
2025-07-04 13:20:04.299 [info] Getting sessions for all scopes...
2025-07-04 13:20:04.300 [info] Got 0 sessions for ...
2025-07-04 13:20:04.300 [info] Getting sessions for all scopes...
2025-07-04 13:20:04.300 [info] Got 0 sessions for ...
2025-07-04 13:20:04.300 [info] Getting sessions for all scopes...
2025-07-04 13:20:04.300 [info] Got 0 sessions for ...
2025-07-04 13:20:04.372 [info] Getting sessions for all scopes...
2025-07-04 13:20:04.372 [info] Got 0 sessions for ...
2025-07-04 13:20:06.026 [info] Getting sessions for all scopes...
2025-07-04 13:20:06.026 [info] Got 0 sessions for ...
2025-07-04 13:23:43.501 [info] Logging in with 'any' account...
2025-07-04 13:23:43.501 [info] Logging in for the following scopes: user:email
2025-07-04 13:23:43.569 [info] Trying without local server... (user:email)
2025-07-04 13:24:15.152 [error] User Cancelled
2025-07-04 13:24:18.606 [info] Trying with local server... (user:email)
2025-07-04 13:24:26.861 [info] Exchanging code for token...
2025-07-04 13:24:27.173 [info] Token exchange success!
2025-07-04 13:24:27.174 [info] Getting user info...
2025-07-04 13:24:27.481 [info] Got account info!
2025-07-04 13:24:27.482 [info] Storing 1 sessions...
2025-07-04 13:24:27.485 [info] Reading sessions from keychain...
2025-07-04 13:24:27.486 [info] Stored 1 sessions!
2025-07-04 13:24:27.486 [info] Login success!
2025-07-04 13:24:27.486 [info] Getting sessions for all scopes...
2025-07-04 13:24:27.487 [info] Getting sessions for all scopes...
2025-07-04 13:24:27.490 [info] Got stored sessions!
2025-07-04 13:24:27.490 [info] Got 1 verified sessions.
2025-07-04 13:24:27.490 [info] Got 1 sessions for ...
2025-07-04 13:24:27.490 [info] Got 1 sessions for ...
2025-07-04 13:24:27.491 [info] Getting sessions for all scopes...
2025-07-04 13:24:27.491 [info] Got 1 sessions for ...
2025-07-04 13:24:35.351 [info] Getting sessions for all scopes...
2025-07-04 13:24:35.351 [info] Got 1 sessions for ...
2025-07-04 13:24:35.351 [info] Getting sessions for all scopes...
2025-07-04 13:24:35.351 [info] Got 1 sessions for ...
2025-07-04 13:24:35.351 [info] Getting sessions for all scopes...
2025-07-04 13:24:35.351 [info] Got 1 sessions for ...
2025-07-04 13:24:35.497 [info] Getting sessions for all scopes...
2025-07-04 13:24:35.497 [info] Got 1 sessions for ...
2025-07-04 13:24:35.502 [info] Getting sessions for read:user,repo,user:email,workflow...
2025-07-04 13:24:35.502 [info] Got 0 sessions for read:user,repo,user:email,workflow...
2025-07-04 13:24:35.503 [info] Getting sessions for read:user,repo,user:email,workflow...
2025-07-04 13:24:35.503 [info] Got 0 sessions for read:user,repo,user:email,workflow...
2025-07-04 13:24:35.768 [info] Getting sessions for read:user...
2025-07-04 13:24:35.768 [info] Got 0 sessions for read:user...
2025-07-04 13:24:35.768 [info] Getting sessions for user:email...
2025-07-04 13:24:35.768 [info] Got 1 sessions for user:email...
2025-07-04 13:24:35.769 [info] Getting sessions for read:user,repo,user:email,workflow...
2025-07-04 13:24:35.769 [info] Got 0 sessions for read:user,repo,user:email,workflow...
2025-07-04 13:24:35.771 [info] Getting sessions for user:email...
2025-07-04 13:24:35.771 [info] Got 1 sessions for user:email...
2025-07-04 13:24:35.774 [info] Getting sessions for all scopes...
2025-07-04 13:24:35.774 [info] Got 1 sessions for ...
2025-07-04 13:24:35.777 [info] Getting sessions for read:user,repo,user:email,workflow...
2025-07-04 13:24:35.777 [info] Got 0 sessions for read:user,repo,user:email,workflow...
2025-07-04 13:24:35.869 [info] Getting sessions for user:email...
2025-07-04 13:24:35.869 [info] Got 1 sessions for user:email...
2025-07-04 13:24:35.872 [info] Getting sessions for all scopes...
2025-07-04 13:24:35.872 [info] Got 1 sessions for ...
2025-07-04 13:24:35.873 [info] Getting sessions for read:user,repo,user:email,workflow...
2025-07-04 13:24:35.873 [info] Got 0 sessions for read:user,repo,user:email,workflow...
2025-07-04 13:24:35.874 [info] Getting sessions for user:email...
2025-07-04 13:24:35.874 [info] Got 1 sessions for user:email...
2025-07-04 13:24:35.960 [info] Getting sessions for all scopes...
2025-07-04 13:24:35.960 [info] Got 1 sessions for ...
2025-07-04 13:24:35.962 [info] Getting sessions for read:user,repo,user:email,workflow...
2025-07-04 13:24:35.962 [info] Got 0 sessions for read:user,repo,user:email,workflow...
2025-07-04 13:24:35.963 [info] Getting sessions for user:email...
2025-07-04 13:24:35.963 [info] Got 1 sessions for user:email...
2025-07-04 13:24:36.687 [info] Getting sessions for all scopes...
2025-07-04 13:24:36.687 [info] Got 1 sessions for ...
2025-07-04 13:24:36.687 [info] Getting sessions for all scopes...
2025-07-04 13:24:36.687 [info] Got 1 sessions for ...
2025-07-04 13:24:36.701 [info] Getting sessions for read:user,repo,user:email,workflow...
2025-07-04 13:24:36.701 [info] Got 0 sessions for read:user,repo,user:email,workflow...
2025-07-04 13:24:36.703 [info] Getting sessions for user:email...
2025-07-04 13:24:36.703 [info] Got 1 sessions for user:email...
2025-07-04 13:24:36.703 [info] Getting sessions for read:user,repo,user:email,workflow...
2025-07-04 13:24:36.703 [info] Got 0 sessions for read:user,repo,user:email,workflow...
2025-07-04 13:24:36.706 [info] Getting sessions for all scopes...
2025-07-04 13:24:36.706 [info] Got 1 sessions for ...
2025-07-04 13:24:36.720 [info] Getting sessions for read:user,repo,user:email,workflow...
2025-07-04 13:24:36.720 [info] Got 0 sessions for read:user,repo,user:email,workflow...
2025-07-04 13:24:36.721 [info] Getting sessions for user:email...
2025-07-04 13:24:36.721 [info] Got 1 sessions for user:email...
2025-07-04 13:24:36.785 [info] Getting sessions for all scopes...
2025-07-04 13:24:36.785 [info] Got 1 sessions for ...
2025-07-04 13:24:36.785 [info] Getting sessions for all scopes...
2025-07-04 13:24:36.785 [info] Got 1 sessions for ...
2025-07-04 13:24:36.787 [info] Getting sessions for read:user,repo,user:email,workflow...
2025-07-04 13:24:36.787 [info] Got 0 sessions for read:user,repo,user:email,workflow...
2025-07-04 13:24:36.788 [info] Getting sessions for user:email...
2025-07-04 13:24:36.788 [info] Got 1 sessions for user:email...
2025-07-04 13:24:36.788 [info] Getting sessions for read:user,repo,user:email,workflow...
2025-07-04 13:24:36.788 [info] Got 0 sessions for read:user,repo,user:email,workflow...
2025-07-04 13:24:36.792 [info] Getting sessions for all scopes...
2025-07-04 13:24:36.792 [info] Got 1 sessions for ...
2025-07-04 13:24:36.793 [info] Getting sessions for all scopes...
2025-07-04 13:24:36.793 [info] Got 1 sessions for ...
2025-07-04 13:24:36.793 [info] Getting sessions for all scopes...
2025-07-04 13:24:36.793 [info] Got 1 sessions for ...
2025-07-04 13:24:36.795 [info] Getting sessions for read:user,repo,user:email,workflow...
2025-07-04 13:24:36.795 [info] Got 0 sessions for read:user,repo,user:email,workflow...
2025-07-04 13:24:36.796 [info] Getting sessions for user:email...
2025-07-04 13:24:36.797 [info] Got 1 sessions for user:email...
2025-07-04 13:24:37.772 [info] Getting sessions for all scopes...
2025-07-04 13:24:37.772 [info] Got 1 sessions for ...
2025-07-04 13:24:37.773 [info] Getting sessions for read:user,repo,user:email,workflow...
2025-07-04 13:24:37.773 [info] Got 0 sessions for read:user,repo,user:email,workflow...
2025-07-04 13:24:37.774 [info] Getting sessions for user:email...
2025-07-04 13:24:37.774 [info] Got 1 sessions for user:email...
2025-07-04 13:24:40.753 [info] Getting sessions for all scopes...
2025-07-04 13:24:40.753 [info] Got 1 sessions for ...
2025-07-04 13:24:40.754 [info] Getting sessions for read:user,repo,user:email,workflow...
2025-07-04 13:24:40.754 [info] Got 0 sessions for read:user,repo,user:email,workflow...
2025-07-04 13:24:40.755 [info] Getting sessions for user:email...
2025-07-04 13:24:40.755 [info] Got 1 sessions for user:email...
2025-07-04 13:24:42.023 [info] Getting sessions for all scopes...
2025-07-04 13:24:42.023 [info] Got 1 sessions for ...
2025-07-04 13:24:42.025 [info] Getting sessions for read:user,repo,user:email,workflow...
2025-07-04 13:24:42.025 [info] Got 0 sessions for read:user,repo,user:email,workflow...
2025-07-04 13:24:42.026 [info] Getting sessions for user:email...
2025-07-04 13:24:42.026 [info] Got 1 sessions for user:email...
2025-07-04 13:25:08.363 [info] Getting sessions for all scopes...
2025-07-04 13:25:08.363 [info] Got 1 sessions for ...
2025-07-04 13:25:08.365 [info] Getting sessions for all scopes...
2025-07-04 13:25:08.365 [info] Got 1 sessions for ...
2025-07-04 13:25:08.375 [info] Getting sessions for all scopes...
2025-07-04 13:25:08.375 [info] Got 1 sessions for ...
2025-07-04 13:25:08.377 [info] Getting sessions for all scopes...
2025-07-04 13:25:08.377 [info] Got 1 sessions for ...
2025-07-04 13:25:08.378 [info] Getting sessions for all scopes...
2025-07-04 13:25:08.378 [info] Got 1 sessions for ...
2025-07-04 13:25:08.378 [info] Getting sessions for read:user,repo,user:email,workflow...
2025-07-04 13:25:08.378 [info] Got 0 sessions for read:user,repo,user:email,workflow...
2025-07-04 13:25:08.379 [info] Getting sessions for read:user,repo,user:email,workflow...
2025-07-04 13:25:08.379 [info] Got 0 sessions for read:user,repo,user:email,workflow...
2025-07-04 13:25:08.379 [info] Getting sessions for read:user...
2025-07-04 13:25:08.379 [info] Got 0 sessions for read:user...
2025-07-04 13:25:08.381 [info] Getting sessions for user:email...
2025-07-04 13:25:08.381 [info] Got 1 sessions for user:email...
2025-07-04 13:25:08.381 [info] Getting sessions for read:user,repo,user:email,workflow...
2025-07-04 13:25:08.381 [info] Got 0 sessions for read:user,repo,user:email,workflow...
2025-07-04 13:25:08.381 [info] Getting sessions for user:email...
2025-07-04 13:25:08.381 [info] Got 1 sessions for user:email...
2025-07-04 13:25:08.387 [info] Getting sessions for all scopes...
2025-07-04 13:25:08.387 [info] Got 1 sessions for ...
2025-07-04 13:25:08.389 [info] Getting sessions for read:user,repo,user:email,workflow...
2025-07-04 13:25:08.389 [info] Got 0 sessions for read:user,repo,user:email,workflow...
2025-07-04 13:25:08.390 [info] Getting sessions for user:email...
2025-07-04 13:25:08.390 [info] Got 1 sessions for user:email...
2025-07-04 13:25:17.940 [info] Getting sessions for user:email...
2025-07-04 13:25:17.940 [info] Got 1 sessions for user:email...
2025-07-04 13:25:22.013 [info] Getting sessions for user:email...
2025-07-04 13:25:22.013 [info] Got 1 sessions for user:email...
2025-07-04 13:26:02.318 [info] Getting sessions for read:user,repo,user:email...
2025-07-04 13:26:02.318 [info] Got 0 sessions for read:user,repo,user:email...
2025-07-04 13:26:02.422 [info] Getting sessions for read:user,repo,user:email...
2025-07-04 13:26:02.422 [info] Got 0 sessions for read:user,repo,user:email...
2025-07-04 13:26:34.700 [info] Getting sessions for read:org,user:email...
2025-07-04 13:26:34.700 [info] Got 0 sessions for read:org,user:email...
2025-07-04 13:26:36.403 [info] Logging in with 'any' account...
2025-07-04 13:26:36.403 [info] Logging in for the following scopes: read:org user:email
2025-07-04 13:26:36.416 [info] Trying without local server... (read:org user:email)
2025-07-04 13:26:42.336 [info] Exchanging code for token...
2025-07-04 13:26:42.626 [info] Token exchange success!
2025-07-04 13:26:42.627 [info] Getting user info...
2025-07-04 13:26:42.925 [info] Got account info!
2025-07-04 13:26:42.925 [info] Storing 2 sessions...
2025-07-04 13:26:42.929 [info] Reading sessions from keychain...
2025-07-04 13:26:42.930 [info] Stored 2 sessions!
2025-07-04 13:26:42.930 [info] Login success!
2025-07-04 13:26:42.931 [info] Getting sessions for all scopes...
2025-07-04 13:26:42.934 [info] Getting sessions for user:email...
2025-07-04 13:26:42.934 [info] Getting sessions for all scopes...
2025-07-04 13:26:42.937 [info] Got stored sessions!
2025-07-04 13:26:42.937 [info] Got 2 verified sessions.
2025-07-04 13:26:42.937 [info] Got 2 sessions for ...
2025-07-04 13:26:42.937 [info] Got 1 sessions for user:email...
2025-07-04 13:26:42.937 [info] Got 2 sessions for ...
2025-07-04 13:26:42.955 [info] Getting sessions for all scopes...
2025-07-04 13:26:42.955 [info] Got 2 sessions for ...
2025-07-04 13:26:42.958 [info] Getting sessions for all scopes...
2025-07-04 13:26:42.958 [info] Got 2 sessions for ...
2025-07-04 13:26:42.958 [info] Getting sessions for all scopes...
2025-07-04 13:26:42.958 [info] Got 2 sessions for ...
2025-07-04 13:26:42.959 [info] Getting sessions for read:user,repo,user:email,workflow...
2025-07-04 13:26:42.959 [info] Got 0 sessions for read:user,repo,user:email,workflow...
2025-07-04 13:26:42.959 [info] Getting sessions for read:user,repo,user:email...
2025-07-04 13:26:42.959 [info] Got 0 sessions for read:user,repo,user:email...
2025-07-04 13:26:42.966 [info] Getting sessions for read:user,repo,user:email,workflow...
2025-07-04 13:26:42.966 [info] Got 0 sessions for read:user,repo,user:email,workflow...
2025-07-04 13:26:42.967 [info] Getting sessions for read:user...
2025-07-04 13:26:42.967 [info] Got 0 sessions for read:user...
2025-07-04 13:26:42.967 [info] Getting sessions for read:user,repo,user:email...
2025-07-04 13:26:42.967 [info] Got 0 sessions for read:user,repo,user:email...
2025-07-04 13:26:42.969 [info] Getting sessions for user:email...
2025-07-04 13:26:42.969 [info] Got 1 sessions for user:email...
2025-07-04 13:26:42.969 [info] Getting sessions for read:user,repo,user:email,workflow...
2025-07-04 13:26:42.969 [info] Got 0 sessions for read:user,repo,user:email,workflow...
2025-07-04 13:26:42.969 [info] Getting sessions for user:email...
2025-07-04 13:26:42.969 [info] Got 1 sessions for user:email...
2025-07-04 13:26:42.982 [info] Getting sessions for read:user,repo,user:email...
2025-07-04 13:26:42.982 [info] Got 0 sessions for read:user,repo,user:email...
2025-07-04 13:26:42.983 [info] Getting sessions for all scopes...
2025-07-04 13:26:42.984 [info] Got 2 sessions for ...
2025-07-04 13:26:42.985 [info] Getting sessions for read:user,repo,user:email,workflow...
2025-07-04 13:26:42.985 [info] Got 0 sessions for read:user,repo,user:email,workflow...
2025-07-04 13:26:42.986 [info] Getting sessions for user:email...
2025-07-04 13:26:42.986 [info] Got 1 sessions for user:email...
2025-07-04 13:26:51.912 [info] Getting sessions for user:email...
2025-07-04 13:26:51.912 [info] Got 1 sessions for user:email...
2025-07-04 13:27:04.872 [info] Logging in with 'any' account...
2025-07-04 13:27:04.872 [info] Logging in for the following scopes: read:user repo user:email
2025-07-04 13:27:04.878 [info] Trying without local server... (read:user repo user:email)
2025-07-04 13:27:11.025 [info] Exchanging code for token...
2025-07-04 13:27:11.326 [info] Token exchange success!
2025-07-04 13:27:11.328 [info] Getting user info...
2025-07-04 13:27:11.633 [info] Got account info!
2025-07-04 13:27:11.634 [info] Storing 3 sessions...
2025-07-04 13:27:11.637 [info] Reading sessions from keychain...
2025-07-04 13:27:11.637 [info] Stored 3 sessions!
2025-07-04 13:27:11.637 [info] Login success!
2025-07-04 13:27:11.639 [info] Getting sessions for all scopes...
2025-07-04 13:27:11.641 [info] Getting sessions for user:email...
2025-07-04 13:27:11.641 [info] Getting sessions for all scopes...
2025-07-04 13:27:11.645 [info] Got stored sessions!
2025-07-04 13:27:11.646 [info] Got 3 verified sessions.
2025-07-04 13:27:11.646 [info] Got 3 sessions for ...
2025-07-04 13:27:11.646 [info] Got 1 sessions for user:email...
2025-07-04 13:27:11.646 [info] Got 3 sessions for ...
2025-07-04 13:27:11.647 [info] Getting sessions for all scopes...
2025-07-04 13:27:11.647 [info] Got 3 sessions for ...
2025-07-04 13:27:11.648 [info] Getting sessions for user:email...
2025-07-04 13:27:11.648 [info] Got 1 sessions for user:email...
2025-07-04 13:27:11.649 [info] Getting sessions for all scopes...
2025-07-04 13:27:11.649 [info] Got 3 sessions for ...
2025-07-04 13:27:11.652 [info] Getting sessions for all scopes...
2025-07-04 13:27:11.652 [info] Got 3 sessions for ...
2025-07-04 13:27:11.656 [info] Getting sessions for all scopes...
2025-07-04 13:27:11.656 [info] Got 3 sessions for ...
2025-07-04 13:27:11.659 [info] Getting sessions for all scopes...
2025-07-04 13:27:11.660 [info] Got 3 sessions for ...
2025-07-04 13:27:11.660 [info] Getting sessions for all scopes...
2025-07-04 13:27:11.660 [info] Got 3 sessions for ...
2025-07-04 13:27:11.661 [info] Getting sessions for read:user,repo,user:email,workflow...
2025-07-04 13:27:11.661 [info] Got 0 sessions for read:user,repo,user:email,workflow...
2025-07-04 13:27:11.661 [info] Getting sessions for read:user,repo,user:email...
2025-07-04 13:27:11.661 [info] Got 1 sessions for read:user,repo,user:email...
2025-07-04 13:27:11.666 [info] Getting sessions for read:user,repo,user:email,workflow...
2025-07-04 13:27:11.666 [info] Got 0 sessions for read:user,repo,user:email,workflow...
2025-07-04 13:27:11.666 [info] Getting sessions for read:user...
2025-07-04 13:27:11.667 [info] Got 0 sessions for read:user...
2025-07-04 13:27:11.667 [info] Getting sessions for read:user,repo,user:email...
2025-07-04 13:27:11.667 [info] Got 1 sessions for read:user,repo,user:email...
2025-07-04 13:27:11.671 [info] Getting sessions for user:email...
2025-07-04 13:27:11.671 [info] Got 1 sessions for user:email...
2025-07-04 13:27:11.672 [info] Getting sessions for read:user,repo,user:email,workflow...
2025-07-04 13:27:11.672 [info] Got 0 sessions for read:user,repo,user:email,workflow...
2025-07-04 13:27:11.673 [info] Getting sessions for user:email...
2025-07-04 13:27:11.673 [info] Got 1 sessions for user:email...
2025-07-04 13:27:11.673 [info] Getting sessions for read:user,repo,user:email...
2025-07-04 13:27:11.673 [info] Got 1 sessions for read:user,repo,user:email...
2025-07-04 13:27:11.685 [info] Getting sessions for all scopes...
2025-07-04 13:27:11.685 [info] Got 3 sessions for ...
2025-07-04 13:27:11.686 [info] Getting sessions for read:user,repo,user:email...
2025-07-04 13:27:11.686 [info] Got 1 sessions for read:user,repo,user:email...
2025-07-04 13:27:11.688 [info] Getting sessions for read:user,repo,user:email,workflow...
2025-07-04 13:27:11.688 [info] Got 0 sessions for read:user,repo,user:email,workflow...
2025-07-04 13:27:11.689 [info] Getting sessions for read:user,repo,user:email...
2025-07-04 13:27:11.689 [info] Got 1 sessions for read:user,repo,user:email...
2025-07-04 13:27:11.690 [info] Getting sessions for user:email...
2025-07-04 13:27:11.690 [info] Got 1 sessions for user:email...
2025-07-04 13:27:11.691 [info] Getting sessions for read:user,repo,user:email...
2025-07-04 13:27:11.691 [info] Got 1 sessions for read:user,repo,user:email...
2025-07-04 13:27:11.693 [info] Getting sessions for read:user,repo,user:email...
2025-07-04 13:27:11.693 [info] Got 1 sessions for read:user,repo,user:email...
2025-07-04 13:37:57.303 [info] Reading sessions from keychain...
2025-07-04 13:37:57.303 [info] Getting sessions for all scopes...
2025-07-04 13:37:57.303 [info] Getting sessions for all scopes...
2025-07-04 13:37:57.303 [info] Getting sessions for all scopes...
2025-07-04 13:37:57.303 [info] Got stored sessions!
2025-07-04 13:37:57.303 [info] Got 3 verified sessions.
2025-07-04 13:37:57.303 [info] Got 3 sessions for ...
2025-07-04 13:37:57.303 [info] Got 3 sessions for ...
2025-07-04 13:37:57.303 [info] Got 3 sessions for ...
2025-07-04 13:37:57.303 [info] Getting sessions for all scopes...
2025-07-04 13:37:57.303 [info] Got 3 sessions for ...
2025-07-04 13:37:57.303 [info] Getting sessions for all scopes...
2025-07-04 13:37:57.303 [info] Got 3 sessions for ...
2025-07-04 13:37:57.303 [info] Getting sessions for all scopes...
2025-07-04 13:37:57.303 [info] Got 3 sessions for ...
2025-07-04 13:37:57.303 [info] Getting sessions for all scopes...
2025-07-04 13:37:57.303 [info] Got 3 sessions for ...
2025-07-04 13:37:57.303 [info] Getting sessions for all scopes...
2025-07-04 13:37:57.303 [info] Got 3 sessions for ...
2025-07-04 13:37:57.303 [info] Getting sessions for all scopes...
2025-07-04 13:37:57.303 [info] Got 3 sessions for ...
2025-07-04 13:37:57.303 [info] Getting sessions for all scopes...
2025-07-04 13:37:57.303 [info] Got 3 sessions for ...
2025-07-04 13:37:57.303 [info] Getting sessions for all scopes...
2025-07-04 13:37:57.303 [info] Got 3 sessions for ...
2025-07-04 13:37:57.303 [info] Getting sessions for all scopes...
2025-07-04 13:37:57.303 [info] Got 3 sessions for ...
2025-07-04 13:37:57.303 [info] Getting sessions for all scopes...
2025-07-04 13:37:57.303 [info] Got 3 sessions for ...
2025-07-04 13:37:57.303 [info] Getting sessions for all scopes...
2025-07-04 13:37:57.303 [info] Got 3 sessions for ...
2025-07-04 13:37:57.303 [info] Getting sessions for all scopes...
2025-07-04 13:37:57.303 [info] Got 3 sessions for ...
2025-07-04 13:37:57.701 [info] Getting sessions for user:email...
2025-07-04 13:37:57.701 [info] Got 1 sessions for user:email...
2025-07-04 13:37:58.936 [info] Getting sessions for all scopes...
2025-07-04 13:37:58.936 [info] Got 3 sessions for ...
2025-07-04 13:37:59.116 [info] Getting sessions for all scopes...
2025-07-04 13:37:59.116 [info] Got 3 sessions for ...
2025-07-04 13:37:59.259 [info] Getting sessions for read:user,repo,user:email...
2025-07-04 13:37:59.259 [info] Got 1 sessions for read:user,repo,user:email...
2025-07-04 13:37:59.473 [info] Getting sessions for user:email...
2025-07-04 13:37:59.473 [info] Got 1 sessions for user:email...
2025-07-04 13:37:59.477 [info] Getting sessions for user:email...
2025-07-04 13:37:59.477 [info] Got 1 sessions for user:email...
2025-07-04 13:38:01.516 [info] Getting sessions for read:user,repo,user:email...
2025-07-04 13:38:01.516 [info] Got 1 sessions for read:user,repo,user:email...
2025-07-04 13:38:05.479 [info] Getting sessions for all scopes...
2025-07-04 13:38:05.479 [info] Got 3 sessions for ...
2025-07-04 13:38:05.480 [info] Getting sessions for all scopes...
2025-07-04 13:38:05.480 [info] Got 3 sessions for ...
2025-07-04 13:38:05.507 [info] Getting sessions for all scopes...
2025-07-04 13:38:05.507 [info] Got 3 sessions for ...
2025-07-04 13:38:05.660 [info] Getting sessions for all scopes...
2025-07-04 13:38:05.660 [info] Got 3 sessions for ...
2025-07-04 13:38:05.660 [info] Getting sessions for read:user,repo,user:email,workflow...
2025-07-04 13:38:05.660 [info] Got 0 sessions for read:user,repo,user:email,workflow...
2025-07-04 13:38:05.748 [info] Getting sessions for read:user,repo,user:email,workflow...
2025-07-04 13:38:05.748 [info] Got 0 sessions for read:user,repo,user:email,workflow...
2025-07-04 13:38:05.859 [info] Getting sessions for read:user...
2025-07-04 13:38:05.859 [info] Got 0 sessions for read:user...
2025-07-04 13:38:06.174 [info] Getting sessions for user:email...
2025-07-04 13:38:06.174 [info] Got 1 sessions for user:email...
2025-07-04 13:38:06.174 [info] Getting sessions for read:user,repo,user:email,workflow...
2025-07-04 13:38:06.174 [info] Got 0 sessions for read:user,repo,user:email,workflow...
2025-07-04 13:38:07.622 [info] Getting sessions for user:email...
2025-07-04 13:38:07.622 [info] Got 1 sessions for user:email...
2025-07-04 13:38:07.682 [info] Getting sessions for read:user,repo,user:email,workflow...
2025-07-04 13:38:07.682 [info] Got 0 sessions for read:user,repo,user:email,workflow...
2025-07-04 13:38:07.682 [info] Getting sessions for all scopes...
2025-07-04 13:38:07.682 [info] Got 3 sessions for ...
2025-07-04 13:38:07.682 [info] Getting sessions for all scopes...
2025-07-04 13:38:07.682 [info] Got 3 sessions for ...
2025-07-04 13:38:08.001 [info] Getting sessions for read:user,repo,user:email,workflow...
2025-07-04 13:38:08.001 [info] Got 0 sessions for read:user,repo,user:email,workflow...
2025-07-04 13:38:08.550 [info] Getting sessions for user:email...
2025-07-04 13:38:08.550 [info] Got 1 sessions for user:email...
2025-07-04 13:38:08.611 [info] Getting sessions for read:user,repo,user:email...
2025-07-04 13:38:08.611 [info] Got 1 sessions for read:user,repo,user:email...
2025-07-04 13:38:09.570 [info] Getting sessions for all scopes...
2025-07-04 13:38:09.570 [info] Got 3 sessions for ...
2025-07-04 13:38:09.570 [info] Getting sessions for all scopes...
2025-07-04 13:38:09.570 [info] Got 3 sessions for ...
2025-07-04 13:38:09.592 [info] Getting sessions for read:user,repo,user:email,workflow...
2025-07-04 13:38:09.592 [info] Got 0 sessions for read:user,repo,user:email,workflow...
2025-07-04 13:38:09.593 [info] Getting sessions for user:email...
2025-07-04 13:38:09.593 [info] Got 1 sessions for user:email...
2025-07-04 13:38:09.593 [info] Getting sessions for read:user,repo,user:email,workflow...
2025-07-04 13:38:09.593 [info] Got 0 sessions for read:user,repo,user:email,workflow...
2025-07-04 13:38:09.596 [info] Getting sessions for all scopes...
2025-07-04 13:38:09.596 [info] Got 3 sessions for ...
2025-07-04 13:38:09.599 [info] Getting sessions for read:user,repo,user:email,workflow...
2025-07-04 13:38:09.599 [info] Got 0 sessions for read:user,repo,user:email,workflow...
2025-07-04 13:38:09.600 [info] Getting sessions for user:email...
2025-07-04 13:38:09.600 [info] Got 1 sessions for user:email...
2025-07-04 13:38:09.653 [info] Getting sessions for all scopes...
2025-07-04 13:38:09.653 [info] Got 3 sessions for ...
2025-07-04 13:38:09.653 [info] Getting sessions for all scopes...
2025-07-04 13:38:09.653 [info] Got 3 sessions for ...
2025-07-04 13:38:09.654 [info] Getting sessions for read:user,repo,user:email,workflow...
2025-07-04 13:38:09.654 [info] Got 0 sessions for read:user,repo,user:email,workflow...
2025-07-04 13:38:09.655 [info] Getting sessions for user:email...
2025-07-04 13:38:09.655 [info] Got 1 sessions for user:email...
2025-07-04 13:38:09.655 [info] Getting sessions for read:user,repo,user:email,workflow...
2025-07-04 13:38:09.655 [info] Got 0 sessions for read:user,repo,user:email,workflow...
2025-07-04 13:38:09.658 [info] Getting sessions for all scopes...
2025-07-04 13:38:09.659 [info] Got 3 sessions for ...
2025-07-04 13:38:09.660 [info] Getting sessions for all scopes...
2025-07-04 13:38:09.660 [info] Got 3 sessions for ...
2025-07-04 13:38:09.660 [info] Getting sessions for all scopes...
2025-07-04 13:38:09.660 [info] Got 3 sessions for ...
2025-07-04 13:38:09.661 [info] Getting sessions for read:user,repo,user:email,workflow...
2025-07-04 13:38:09.661 [info] Got 0 sessions for read:user,repo,user:email,workflow...
2025-07-04 13:38:09.664 [info] Getting sessions for user:email...
2025-07-04 13:38:09.664 [info] Got 1 sessions for user:email...
2025-07-04 13:38:10.095 [info] Getting sessions for all scopes...
2025-07-04 13:38:10.095 [info] Got 3 sessions for ...
2025-07-04 13:38:10.173 [info] Getting sessions for read:user,repo,user:email,workflow...
2025-07-04 13:38:10.173 [info] Got 0 sessions for read:user,repo,user:email,workflow...
2025-07-04 13:38:10.177 [info] Getting sessions for user:email...
2025-07-04 13:38:10.177 [info] Got 1 sessions for user:email...
2025-07-04 13:38:10.882 [info] Getting sessions for all scopes...
2025-07-04 13:38:10.882 [info] Got 3 sessions for ...
2025-07-04 13:38:10.885 [info] Getting sessions for read:user,repo,user:email,workflow...
2025-07-04 13:38:10.885 [info] Got 0 sessions for read:user,repo,user:email,workflow...
2025-07-04 13:38:10.888 [info] Getting sessions for user:email...
2025-07-04 13:38:10.888 [info] Got 1 sessions for user:email...
2025-07-04 13:53:10.892 [info] Getting sessions for all scopes...
2025-07-04 13:53:10.892 [info] Got 3 sessions for ...
2025-07-04 13:53:10.895 [info] Getting sessions for read:user,repo,user:email,workflow...
2025-07-04 13:53:10.895 [info] Got 0 sessions for read:user,repo,user:email,workflow...
2025-07-04 13:53:10.898 [info] Getting sessions for user:email...
2025-07-04 13:53:10.898 [info] Got 1 sessions for user:email...
